<?xml version="1.0" encoding="utf-8" standalone="no"?>
<test-results xmlns:xsi="http://www.w3.org/2001/XMLSchema-instance" xsi:noNamespaceSchemaLocation="nunit_schema_2.5.xsd" name="Pester" total="196" errors="0" failures="0" not-run="11" inconclusive="0" ignored="0" skipped="0" invalid="0" date="2026-02-24" time="18:12:42">
  <environment cwd="C:\Users\georg\Documents\PowerShell" os-version="10.0.26200" user="georg" nunit-version="2.5.8.0" clr-version="9.0.10" machine-name="_" user-domain="_" platform="Microsoft Windows 11 Home|C:\windows|\Device\Harddisk0\Partition3" />
  <culture-info current-culture="en-US" current-uiculture="en-US" />
  <test-suite type="TestFixture" name="Pester" executed="True" result="Success" success="True" time="21.3413" asserts="0" description="Pester">
    <results>
      <test-suite type="TestFixture" name="C:\Users\georg\Documents\PowerShell\Tests\AppBuilder.Tests.ps1" executed="True" result="Success" success="True" time="21.3413" asserts="0" description="C:\Users\georg\Documents\PowerShell\Tests\AppBuilder.Tests.ps1">
        <results>
          <test-suite type="TestFixture" name="AppBuilder — Offline" executed="True" result="Success" success="True" time="5.4439" asserts="0" description="AppBuilder — Offline">
            <results>
              <test-suite type="TestFixture" name="AppBuilder — Offline.Framework Routing (Get-BuildFramework)" executed="True" result="Success" success="True" time="1.2212" asserts="0" description="AppBuilder — Offline.Framework Routing (Get-BuildFramework)">
                <results>
                  <test-case description="Invalid -Framework falls through to keyword detection" name="AppBuilder — Offline.Framework Routing (Get-BuildFramework).Invalid -Framework falls through to keyword detection" time="0.0125" asserts="0" success="True" result="Success" executed="True" />
                  <test-case description="Empty prompt is rejected by Mandatory parameter" name="AppBuilder — Offline.Framework Routing (Get-BuildFramework).Empty prompt is rejected by Mandatory parameter" time="0.056" asserts="0" success="True" result="Success" executed="True" />
                  <test-case description="Prompt with no framework-specific keywords defaults to powershell" name="AppBuilder — Offline.Framework Routing (Get-BuildFramework).Prompt with no framework-specific keywords defaults to powershell" time="0.0126" asserts="0" success="True" result="Success" executed="True" />
                  <test-case description="Is case-insensitive for keyword matching" name="AppBuilder — Offline.Framework Routing (Get-BuildFramework).Is case-insensitive for keyword matching" time="0.0145" asserts="0" success="True" result="Success" executed="True" />
                  <test-case description="Handles competing keywords by selecting the dominant framework" name="AppBuilder — Offline.Framework Routing (Get-BuildFramework).Handles competing keywords by selecting the dominant framework" time="0.0203" asserts="0" success="True" result="Success" executed="True" />
                  <test-suite type="ParameterizedTest" name="AppBuilder — Offline.Framework Routing (Get-BuildFramework).Routes &quot;&lt;prompt&gt;&quot; to &lt;expected&gt;" executed="True" result="Success" success="True" time="0.8767" asserts="0" description="Routes &quot;&lt;prompt&gt;&quot; to &lt;expected&gt;">
                    <results>
                      <test-case description="Routes &quot;a calculator&quot; to powershell" name="AppBuilder — Offline.Framework Routing (Get-BuildFramework).Routes &quot;a calculator&quot; to powershell" time="0.7838" asserts="0" success="True" result="Success" executed="True" />
                      <test-case description="Routes &quot;a simple notepad app&quot; to powershell" name="AppBuilder — Offline.Framework Routing (Get-BuildFramework).Routes &quot;a simple notepad app&quot; to powershell" time="0.0029" asserts="0" success="True" result="Success" executed="True" />
                      <test-case description="Routes &quot;a file renamer tool&quot; to powershell" name="AppBuilder — Offline.Framework Routing (Get-BuildFramework).Routes &quot;a file renamer tool&quot; to powershell" time="0.0026" asserts="0" success="True" result="Success" executed="True" />
                      <test-case description="Routes &quot;a stopwatch with start and stop&quot; to powershell" name="AppBuilder — Offline.Framework Routing (Get-BuildFramework).Routes &quot;a stopwatch with start and stop&quot; to powershell" time="0.0025" asserts="0" success="True" result="Success" executed="True" />
                      <test-case description="Routes &quot;a tkinter GUI for file management&quot; to python-tk" name="AppBuilder — Offline.Framework Routing (Get-BuildFramework).Routes &quot;a tkinter GUI for file management&quot; to python-tk" time="0.0316" asserts="0" success="True" result="Success" executed="True" />
                      <test-case description="Routes &quot;a python app that shows a timer&quot; to python-tk" name="AppBuilder — Offline.Framework Routing (Get-BuildFramework).Routes &quot;a python app that shows a timer&quot; to python-tk" time="0.0341" asserts="0" success="True" result="Success" executed="True" />
                      <test-case description="Routes &quot;a python GUI sprite editor&quot; to python-tk" name="AppBuilder — Offline.Framework Routing (Get-BuildFramework).Routes &quot;a python GUI sprite editor&quot; to python-tk" time="0.0022" asserts="0" success="True" result="Success" executed="True" />
                      <test-case description="Routes &quot;a dashboard with charts and drag drop&quot; to python-web" name="AppBuilder — Offline.Framework Routing (Get-BuildFramework).Routes &quot;a dashboard with charts and drag drop&quot; to python-web" time="0.0025" asserts="0" success="True" result="Success" executed="True" />
                      <test-case description="Routes &quot;a web app with REST API and login&quot; to python-web" name="AppBuilder — Offline.Framework Routing (Get-BuildFramework).Routes &quot;a web app with REST API and login&quot; to python-web" time="0.0028" asserts="0" success="True" result="Success" executed="True" />
                      <test-case description="Routes &quot;a web app with login and database&quot; to python-web" name="AppBuilder — Offline.Framework Routing (Get-BuildFramework).Routes &quot;a web app with login and database&quot; to python-web" time="0.0026" asserts="0" success="True" result="Success" executed="True" />
                      <test-case description="Routes &quot;a tauri app for note taking&quot; to tauri" name="AppBuilder — Offline.Framework Routing (Get-BuildFramework).Routes &quot;a tauri app for note taking&quot; to tauri" time="0.0022" asserts="0" success="True" result="Success" executed="True" />
                      <test-case description="Routes &quot;a rust GUI file manager&quot; to tauri" name="AppBuilder — Offline.Framework Routing (Get-BuildFramework).Routes &quot;a rust GUI file manager&quot; to tauri" time="0.004" asserts="0" success="True" result="Success" executed="True" />
                      <test-case description="Routes &quot;a native web desktop app with rust&quot; to tauri" name="AppBuilder — Offline.Framework Routing (Get-BuildFramework).Routes &quot;a native web desktop app with rust&quot; to tauri" time="0.0028" asserts="0" success="True" result="Success" executed="True" />
                    </results>
                  </test-suite>
                  <test-suite type="ParameterizedTest" name="AppBuilder — Offline.Framework Routing (Get-BuildFramework).Explicit -Framework override wins regardless of keywords" executed="True" result="Success" success="True" time="0.0307" asserts="0" description="Explicit -Framework override wins regardless of keywords">
                    <results>
                      <test-case description="Explicit -Framework override wins regardless of keywords" name="AppBuilder — Offline.Framework Routing (Get-BuildFramework).Explicit -Framework override wins regardless of keywords(&quot;a dashboard with charts&quot;,&quot;python-tk&quot;,&quot;python-tk&quot;)" time="0.0128" asserts="0" success="True" result="Success" executed="True" />
                      <test-case description="Explicit -Framework override wins regardless of keywords" name="AppBuilder — Offline.Framework Routing (Get-BuildFramework).Explicit -Framework override wins regardless of keywords(&quot;a python calculator&quot;,&quot;powershell&quot;,&quot;powershell&quot;)" time="0.0034" asserts="0" success="True" result="Success" executed="True" />
                      <test-case description="Explicit -Framework override wins regardless of keywords" name="AppBuilder — Offline.Framework Routing (Get-BuildFramework).Explicit -Framework override wins regardless of keywords(&quot;a tkinter app&quot;,&quot;python-web&quot;,&quot;python-web&quot;)" time="0.006" asserts="0" success="True" result="Success" executed="True" />
                      <test-case description="Explicit -Framework override wins regardless of keywords" name="AppBuilder — Offline.Framework Routing (Get-BuildFramework).Explicit -Framework override wins regardless of keywords(&quot;a simple calculator&quot;,&quot;tauri&quot;,&quot;tauri&quot;)" time="0.0086" asserts="0" success="True" result="Success" executed="True" />
                    </results>
                  </test-suite>
                </results>
              </test-suite>
              <test-suite type="TestFixture" name="AppBuilder — Offline.Token Budget (Get-BuildMaxTokens)" executed="True" result="Success" success="True" time="1.3866" asserts="0" description="AppBuilder — Offline.Token Budget (Get-BuildMaxTokens)">
                <results>
                  <test-case description="Returns known output limit for gpt-4o" name="AppBuilder — Offline.Token Budget (Get-BuildMaxTokens).Returns known output limit for gpt-4o" time="0.0172" asserts="0" success="True" result="Success" executed="True" />
                  <test-case description="Returns full 64000 for claude-sonnet-4-6 (uncapped)" name="AppBuilder — Offline.Token Budget (Get-BuildMaxTokens).Returns full 64000 for claude-sonnet-4-6 (uncapped)" time="0.0148" asserts="0" success="True" result="Success" executed="True" />
                  <test-case description="Returns full 128000 for claude-opus-4-6 (uncapped)" name="AppBuilder — Offline.Token Budget (Get-BuildMaxTokens).Returns full 128000 for claude-opus-4-6 (uncapped)" time="0.0146" asserts="0" success="True" result="Success" executed="True" />
                  <test-case description="Returns default 8192 for unknown models" name="AppBuilder — Offline.Token Budget (Get-BuildMaxTokens).Returns default 8192 for unknown models" time="0.0195" asserts="0" success="True" result="Success" executed="True" />
                  <test-case description="Fuzzy matches model names containing known keys" name="AppBuilder — Offline.Token Budget (Get-BuildMaxTokens).Fuzzy matches model names containing known keys" time="0.0277" asserts="0" success="True" result="Success" executed="True" />
                  <test-case description="Override returns the exact value requested" name="AppBuilder — Offline.Token Budget (Get-BuildMaxTokens).Override returns the exact value requested" time="0.0201" asserts="0" success="True" result="Success" executed="True" />
                  <test-case description="Zero override falls back to model lookup" name="AppBuilder — Offline.Token Budget (Get-BuildMaxTokens).Zero override falls back to model lookup" time="0.0158" asserts="0" success="True" result="Success" executed="True" />
                  <test-case description="Negative override falls back to model lookup" name="AppBuilder — Offline.Token Budget (Get-BuildMaxTokens).Negative override falls back to model lookup" time="0.0167" asserts="0" success="True" result="Success" executed="True" />
                  <test-case description="Unknown model returns safe default" name="AppBuilder — Offline.Token Budget (Get-BuildMaxTokens).Unknown model returns safe default" time="0.0147" asserts="0" success="True" result="Success" executed="True" />
                </results>
              </test-suite>
              <test-suite type="TestFixture" name="AppBuilder — Offline.Code Validation (Test-GeneratedCode)" executed="True" result="Success" success="True" time="3.689" asserts="0" description="AppBuilder — Offline.Code Validation (Test-GeneratedCode)">
                <results>
                  <test-suite type="TestFixture" name="AppBuilder — Offline.Code Validation (Test-GeneratedCode).PowerShell — Valid Code" executed="True" result="Success" success="True" time="0.1366" asserts="0" description="AppBuilder — Offline.Code Validation (Test-GeneratedCode).PowerShell — Valid Code">
                    <results>
                      <test-case description="Accepts syntactically correct PowerShell" name="AppBuilder — Offline.Code Validation (Test-GeneratedCode).PowerShell — Valid Code.Accepts syntactically correct PowerShell" time="0.0881" asserts="0" success="True" result="Success" executed="True" />
                      <test-case description="Accepts multi-line PowerShell with functions" name="AppBuilder — Offline.Code Validation (Test-GeneratedCode).PowerShell — Valid Code.Accepts multi-line PowerShell with functions" time="0.0453" asserts="0" success="True" result="Success" executed="True" />
                    </results>
                  </test-suite>
                  <test-suite type="TestFixture" name="AppBuilder — Offline.Code Validation (Test-GeneratedCode).PowerShell — Syntax Errors" executed="True" result="Success" success="True" time="0.2161" asserts="0" description="AppBuilder — Offline.Code Validation (Test-GeneratedCode).PowerShell — Syntax Errors">
                    <results>
                      <test-case description="Catches unclosed braces" name="AppBuilder — Offline.Code Validation (Test-GeneratedCode).PowerShell — Syntax Errors.Catches unclosed braces" time="0.045" asserts="0" success="True" result="Success" executed="True" />
                      <test-case description="Catches unclosed strings" name="AppBuilder — Offline.Code Validation (Test-GeneratedCode).PowerShell — Syntax Errors.Catches unclosed strings" time="0.0314" asserts="0" success="True" result="Success" executed="True" />
                    </results>
                  </test-suite>
                  <test-suite type="TestFixture" name="AppBuilder — Offline.Code Validation (Test-GeneratedCode).PowerShell — Dangerous Patterns" executed="True" result="Success" success="True" time="0.6496" asserts="0" description="AppBuilder — Offline.Code Validation (Test-GeneratedCode).PowerShell — Dangerous Patterns">
                    <results>
                      <test-suite type="ParameterizedTest" name="AppBuilder — Offline.Code Validation (Test-GeneratedCode).PowerShell — Dangerous Patterns.Flags &quot;&lt;pattern&gt;&quot; as dangerous" executed="True" result="Success" success="True" time="0.429" asserts="0" description="Flags &quot;&lt;pattern&gt;&quot; as dangerous">
                        <results>
                          <test-case description="Flags &quot;Invoke-Expression&quot; as dangerous" name="AppBuilder — Offline.Code Validation (Test-GeneratedCode).PowerShell — Dangerous Patterns.Flags &quot;Invoke-Expression&quot; as dangerous" time="0.044" asserts="0" success="True" result="Success" executed="True" />
                          <test-case description="Flags &quot;iex&quot; as dangerous" name="AppBuilder — Offline.Code Validation (Test-GeneratedCode).PowerShell — Dangerous Patterns.Flags &quot;iex&quot; as dangerous" time="0.3341" asserts="0" success="True" result="Success" executed="True" />
                          <test-case description="Flags &quot;Remove-Item.*-Recurse&quot; as dangerous" name="AppBuilder — Offline.Code Validation (Test-GeneratedCode).PowerShell — Dangerous Patterns.Flags &quot;Remove-Item.*-Recurse&quot; as dangerous" time="0.0319" asserts="0" success="True" result="Success" executed="True" />
                          <test-case description="Flags &quot;Start-Process.*-Verb.*RunAs&quot; as dangerous" name="AppBuilder — Offline.Code Validation (Test-GeneratedCode).PowerShell — Dangerous Patterns.Flags &quot;Start-Process.*-Verb.*RunAs&quot; as dangerous" time="0.0191" asserts="0" success="True" result="Success" executed="True" />
                        </results>
                      </test-suite>
                    </results>
                  </test-suite>
                  <test-suite type="TestFixture" name="AppBuilder — Offline.Code Validation (Test-GeneratedCode).Python — Dangerous Patterns (hard errors)" executed="True" result="Success" success="True" time="1.2092" asserts="0" description="AppBuilder — Offline.Code Validation (Test-GeneratedCode).Python — Dangerous Patterns (hard errors)">
                    <results>
                      <test-suite type="ParameterizedTest" name="AppBuilder — Offline.Code Validation (Test-GeneratedCode).Python — Dangerous Patterns (hard errors).Flags &quot;&lt;pattern&gt;&quot; as dangerous" executed="True" result="Success" success="True" time="0.5549" asserts="0" description="Flags &quot;&lt;pattern&gt;&quot; as dangerous">
                        <results>
                          <test-case description="Flags &quot;eval&quot; as dangerous" name="AppBuilder — Offline.Code Validation (Test-GeneratedCode).Python — Dangerous Patterns (hard errors).Flags &quot;eval&quot; as dangerous" time="0.1739" asserts="0" success="True" result="Success" executed="True" />
                          <test-case description="Flags &quot;exec&quot; as dangerous" name="AppBuilder — Offline.Code Validation (Test-GeneratedCode).Python — Dangerous Patterns (hard errors).Flags &quot;exec&quot; as dangerous" time="0.1185" asserts="0" success="True" result="Success" executed="True" />
                          <test-case description="Flags &quot;__import__&quot; as dangerous" name="AppBuilder — Offline.Code Validation (Test-GeneratedCode).Python — Dangerous Patterns (hard errors).Flags &quot;__import__&quot; as dangerous" time="0.16" asserts="0" success="True" result="Success" executed="True" />
                          <test-case description="Flags &quot;shell injection&quot; as dangerous" name="AppBuilder — Offline.Code Validation (Test-GeneratedCode).Python — Dangerous Patterns (hard errors).Flags &quot;shell injection&quot; as dangerous" time="0.1025" asserts="0" success="True" result="Success" executed="True" />
                        </results>
                      </test-suite>
                    </results>
                  </test-suite>
                  <test-suite type="TestFixture" name="AppBuilder — Offline.Code Validation (Test-GeneratedCode).Python — Warning Patterns (non-blocking)" executed="True" result="Success" success="True" time="1.5033" asserts="0" description="AppBuilder — Offline.Code Validation (Test-GeneratedCode).Python — Warning Patterns (non-blocking)">
                    <results>
                      <test-suite type="ParameterizedTest" name="AppBuilder — Offline.Code Validation (Test-GeneratedCode).Python — Warning Patterns (non-blocking).Does NOT hard-fail on &quot;&lt;pattern&gt;&quot; (warning only)" executed="True" result="Success" success="True" time="0.2913" asserts="0" description="Does NOT hard-fail on &quot;&lt;pattern&gt;&quot; (warning only)">
                        <results>
                          <test-case description="Does NOT hard-fail on &quot;os\.system&quot; (warning only)" name="AppBuilder — Offline.Code Validation (Test-GeneratedCode).Python — Warning Patterns (non-blocking).Does NOT hard-fail on &quot;os\.system&quot; (warning only)" time="0.111" asserts="0" success="True" result="Success" executed="True" />
                          <test-case description="Does NOT hard-fail on &quot;subprocess&quot; (warning only)" name="AppBuilder — Offline.Code Validation (Test-GeneratedCode).Python — Warning Patterns (non-blocking).Does NOT hard-fail on &quot;subprocess&quot; (warning only)" time="0.0911" asserts="0" success="True" result="Success" executed="True" />
                          <test-case description="Does NOT hard-fail on &quot;os\.popen&quot; (warning only)" name="AppBuilder — Offline.Code Validation (Test-GeneratedCode).Python — Warning Patterns (non-blocking).Does NOT hard-fail on &quot;os\.popen&quot; (warning only)" time="0.0892" asserts="0" success="True" result="Success" executed="True" />
                        </results>
                      </test-suite>
                    </results>
                  </test-suite>
                  <test-suite type="TestFixture" name="AppBuilder — Offline.Code Validation (Test-GeneratedCode).Multi-File Validation" executed="True" result="Success" success="True" time="1.6044" asserts="0" description="AppBuilder — Offline.Code Validation (Test-GeneratedCode).Multi-File Validation">
                    <results>
                      <test-case description="Fails if any file in a multi-file set has errors" name="AppBuilder — Offline.Code Validation (Test-GeneratedCode).Multi-File Validation.Fails if any file in a multi-file set has errors" time="0.0502" asserts="0" success="True" result="Success" executed="True" />
                      <test-case description="Passes when all files in a multi-file set are clean" name="AppBuilder — Offline.Code Validation (Test-GeneratedCode).Multi-File Validation.Passes when all files in a multi-file set are clean" time="0.0487" asserts="0" success="True" result="Success" executed="True" />
                    </results>
                  </test-suite>
                  <test-suite type="TestFixture" name="AppBuilder — Offline.Code Validation (Test-GeneratedCode).PowerShell — PS7+ Operator Compatibility" executed="True" result="Success" success="True" time="1.8981" asserts="0" description="AppBuilder — Offline.Code Validation (Test-GeneratedCode).PowerShell — PS7+ Operator Compatibility">
                    <results>
                      <test-case description="Flags ?? null-coalescing operator" name="AppBuilder — Offline.Code Validation (Test-GeneratedCode).PowerShell — PS7+ Operator Compatibility.Flags ?? null-coalescing operator" time="0.0426" asserts="0" success="True" result="Success" executed="True" />
                      <test-case description="Flags ?. null-conditional operator" name="AppBuilder — Offline.Code Validation (Test-GeneratedCode).PowerShell — PS7+ Operator Compatibility.Flags ?. null-conditional operator" time="0.049" asserts="0" success="True" result="Success" executed="True" />
                      <test-case description="Flags ?[] null-conditional index operator" name="AppBuilder — Offline.Code Validation (Test-GeneratedCode).PowerShell — PS7+ Operator Compatibility.Flags ?[] null-conditional index operator" time="0.0277" asserts="0" success="True" result="Success" executed="True" />
                      <test-case description="Does NOT flag ?? in Python code" name="AppBuilder — Offline.Code Validation (Test-GeneratedCode).PowerShell — PS7+ Operator Compatibility.Does NOT flag ?? in Python code" time="0.1059" asserts="0" success="True" result="Success" executed="True" />
                      <test-case description="Does NOT flag ? in ternary or help contexts" name="AppBuilder — Offline.Code Validation (Test-GeneratedCode).PowerShell — PS7+ Operator Compatibility.Does NOT flag ? in ternary or help contexts" time="0.0326" asserts="0" success="True" result="Success" executed="True" />
                      <test-case description="Accepts PS 5.1 compatible null-check pattern" name="AppBuilder — Offline.Code Validation (Test-GeneratedCode).PowerShell — PS7+ Operator Compatibility.Accepts PS 5.1 compatible null-check pattern" time="0.0328" asserts="0" success="True" result="Success" executed="True" />
                    </results>
                  </test-suite>
                  <test-suite type="TestFixture" name="AppBuilder — Offline.Code Validation (Test-GeneratedCode).Tauri — Rust Validation" executed="True" result="Success" success="True" time="2.2001" asserts="0" description="AppBuilder — Offline.Code Validation (Test-GeneratedCode).Tauri — Rust Validation">
                    <results>
                      <test-case description="Accepts valid Rust code" name="AppBuilder — Offline.Code Validation (Test-GeneratedCode).Tauri — Rust Validation.Accepts valid Rust code" time="0.0766" asserts="0" success="True" result="Success" executed="True" />
                      <test-case description="Flags missing Cargo.toml" name="AppBuilder — Offline.Code Validation (Test-GeneratedCode).Tauri — Rust Validation.Flags missing Cargo.toml" time="0.0451" asserts="0" success="True" result="Success" executed="True" />
                      <test-case description="Flags missing main.rs" name="AppBuilder — Offline.Code Validation (Test-GeneratedCode).Tauri — Rust Validation.Flags missing main.rs" time="0.0372" asserts="0" success="True" result="Success" executed="True" />
                      <test-case description="Flags [lib] without lib.rs" name="AppBuilder — Offline.Code Validation (Test-GeneratedCode).Tauri — Rust Validation.Flags [lib] without lib.rs" time="0.0674" asserts="0" success="True" result="Success" executed="True" />
                      <test-case description="Flags unbalanced braces in Rust" name="AppBuilder — Offline.Code Validation (Test-GeneratedCode).Tauri — Rust Validation.Flags unbalanced braces in Rust" time="0.0469" asserts="0" success="True" result="Success" executed="True" />
                    </results>
                  </test-suite>
                  <test-suite type="TestFixture" name="AppBuilder — Offline.Code Validation (Test-GeneratedCode).Edge Cases" executed="True" result="Success" success="True" time="2.3004" asserts="0" description="AppBuilder — Offline.Code Validation (Test-GeneratedCode).Edge Cases">
                    <results>
                      <test-case description="Handles empty code gracefully" name="AppBuilder — Offline.Code Validation (Test-GeneratedCode).Edge Cases.Handles empty code gracefully" time="0.0335" asserts="0" success="True" result="Success" executed="True" />
                      <test-case description="Handles whitespace-only code gracefully" name="AppBuilder — Offline.Code Validation (Test-GeneratedCode).Edge Cases.Handles whitespace-only code gracefully" time="0.0326" asserts="0" success="True" result="Success" executed="True" />
                      <test-case description="Handles an empty file map gracefully" name="AppBuilder — Offline.Code Validation (Test-GeneratedCode).Edge Cases.Handles an empty file map gracefully" time="0.0302" asserts="0" success="True" result="Success" executed="True" />
                    </results>
                  </test-suite>
                </results>
              </test-suite>
              <test-suite type="TestFixture" name="AppBuilder — Offline.Branding Injection (Invoke-BildsyPSBranding)" executed="True" result="Success" success="True" time="4.0086" asserts="0" description="AppBuilder — Offline.Branding Injection (Invoke-BildsyPSBranding)">
                <results>
                  <test-suite type="TestFixture" name="AppBuilder — Offline.Branding Injection (Invoke-BildsyPSBranding).PowerShell Branding" executed="True" result="Success" success="True" time="0.075" asserts="0" description="AppBuilder — Offline.Branding Injection (Invoke-BildsyPSBranding).PowerShell Branding">
                    <results>
                      <test-case description="Injects branding into a PowerShell file that lacks it" name="AppBuilder — Offline.Branding Injection (Invoke-BildsyPSBranding).PowerShell Branding.Injects branding into a PowerShell file that lacks it" time="0.0511" asserts="0" success="True" result="Success" executed="True" />
                      <test-case description="Does not double-inject when branding already exists" name="AppBuilder — Offline.Branding Injection (Invoke-BildsyPSBranding).PowerShell Branding.Does not double-inject when branding already exists" time="0.0203" asserts="0" success="True" result="Success" executed="True" />
                    </results>
                  </test-suite>
                  <test-suite type="TestFixture" name="AppBuilder — Offline.Branding Injection (Invoke-BildsyPSBranding).Python-Web Branding" executed="True" result="Success" success="True" time="0.1174" asserts="0" description="AppBuilder — Offline.Branding Injection (Invoke-BildsyPSBranding).Python-Web Branding">
                    <results>
                      <test-case description="Injects footer into HTML file" name="AppBuilder — Offline.Branding Injection (Invoke-BildsyPSBranding).Python-Web Branding.Injects footer into HTML file" time="0.0184" asserts="0" success="True" result="Success" executed="True" />
                      <test-case description="Injects into HTML but not into Python server file" name="AppBuilder — Offline.Branding Injection (Invoke-BildsyPSBranding).Python-Web Branding.Injects into HTML but not into Python server file" time="0.0197" asserts="0" success="True" result="Success" executed="True" />
                    </results>
                  </test-suite>
                  <test-suite type="TestFixture" name="AppBuilder — Offline.Branding Injection (Invoke-BildsyPSBranding).Python-Tk Branding" executed="True" result="Success" success="True" time="0.1424" asserts="0" description="AppBuilder — Offline.Branding Injection (Invoke-BildsyPSBranding).Python-Tk Branding">
                    <results>
                      <test-case description="Injects about function into tkinter code" name="AppBuilder — Offline.Branding Injection (Invoke-BildsyPSBranding).Python-Tk Branding.Injects about function into tkinter code" time="0.02" asserts="0" success="True" result="Success" executed="True" />
                    </results>
                  </test-suite>
                  <test-suite type="TestFixture" name="AppBuilder — Offline.Branding Injection (Invoke-BildsyPSBranding).Tauri Branding" executed="True" result="Success" success="True" time="0.2019" asserts="0" description="AppBuilder — Offline.Branding Injection (Invoke-BildsyPSBranding).Tauri Branding">
                    <results>
                      <test-case description="Injects footer into Tauri HTML file" name="AppBuilder — Offline.Branding Injection (Invoke-BildsyPSBranding).Tauri Branding.Injects footer into Tauri HTML file" time="0.0203" asserts="0" success="True" result="Success" executed="True" />
                      <test-case description="Does not double-inject when branding already exists" name="AppBuilder — Offline.Branding Injection (Invoke-BildsyPSBranding).Tauri Branding.Does not double-inject when branding already exists" time="0.0187" asserts="0" success="True" result="Success" executed="True" />
                      <test-case description="NoBranding flag skips injection for tauri" name="AppBuilder — Offline.Branding Injection (Invoke-BildsyPSBranding).Tauri Branding.NoBranding flag skips injection for tauri" time="0.0174" asserts="0" success="True" result="Success" executed="True" />
                    </results>
                  </test-suite>
                  <test-suite type="TestFixture" name="AppBuilder — Offline.Branding Injection (Invoke-BildsyPSBranding).NoBranding Flag" executed="True" result="Success" success="True" time="0.28" asserts="0" description="AppBuilder — Offline.Branding Injection (Invoke-BildsyPSBranding).NoBranding Flag">
                    <results>
                      <test-case description="Skips injection entirely for PowerShell" name="AppBuilder — Offline.Branding Injection (Invoke-BildsyPSBranding).NoBranding Flag.Skips injection entirely for PowerShell" time="0.024" asserts="0" success="True" result="Success" executed="True" />
                      <test-case description="Skips injection entirely for python-web" name="AppBuilder — Offline.Branding Injection (Invoke-BildsyPSBranding).NoBranding Flag.Skips injection entirely for python-web" time="0.0286" asserts="0" success="True" result="Success" executed="True" />
                      <test-case description="Skips injection entirely for python-tk" name="AppBuilder — Offline.Branding Injection (Invoke-BildsyPSBranding).NoBranding Flag.Skips injection entirely for python-tk" time="0.0213" asserts="0" success="True" result="Success" executed="True" />
                    </results>
                  </test-suite>
                  <test-suite type="TestFixture" name="AppBuilder — Offline.Branding Injection (Invoke-BildsyPSBranding).Edge Cases" executed="True" result="Success" success="True" time="0.3179" asserts="0" description="AppBuilder — Offline.Branding Injection (Invoke-BildsyPSBranding).Edge Cases">
                    <results>
                      <test-case description="Returns files unchanged when file map is empty" name="AppBuilder — Offline.Branding Injection (Invoke-BildsyPSBranding).Edge Cases.Returns files unchanged when file map is empty" time="0.0152" asserts="0" success="True" result="Success" executed="True" />
                      <test-case description="Preserves all original files in the returned map" name="AppBuilder — Offline.Branding Injection (Invoke-BildsyPSBranding).Edge Cases.Preserves all original files in the returned map" time="0.0199" asserts="0" success="True" result="Success" executed="True" />
                    </results>
                  </test-suite>
                </results>
              </test-suite>
              <test-suite type="TestFixture" name="AppBuilder — Offline.Build Tracking (SQLite)" executed="True" result="Success" success="True" time="4.3685" asserts="0" description="AppBuilder — Offline.Build Tracking (SQLite)">
                <results>
                  <test-case description="Initialize-BuildsTable creates the table" name="AppBuilder — Offline.Build Tracking (SQLite).Initialize-BuildsTable creates the table" time="0.021" asserts="0" success="True" result="Success" executed="True" />
                  <test-case description="Save-BuildRecord persists all fields correctly" name="AppBuilder — Offline.Build Tracking (SQLite).Save-BuildRecord persists all fields correctly" time="0.0742" asserts="0" success="True" result="Success" executed="True" />
                  <test-case description="Save-BuildRecord appends multiple records with the same name" name="AppBuilder — Offline.Build Tracking (SQLite).Save-BuildRecord appends multiple records with the same name" time="0.0534" asserts="0" success="True" result="Success" executed="True" />
                  <test-case description="Get-AppBuilds returns saved records" name="AppBuilder — Offline.Build Tracking (SQLite).Get-AppBuilds returns saved records" time="0.074" asserts="0" success="True" result="Success" executed="True" />
                  <test-case description="Remove-AppBuild clears the record from the database" name="AppBuilder — Offline.Build Tracking (SQLite).Remove-AppBuild clears the record from the database" time="0.042" asserts="0" success="True" result="Success" executed="True" />
                  <test-case description="Remove-AppBuild does not throw for a nonexistent record" name="AppBuilder — Offline.Build Tracking (SQLite).Remove-AppBuild does not throw for a nonexistent record" time="0.0216" asserts="0" success="True" result="Success" executed="True" />
                  <test-case description="Save-BuildRecord with failed status persists correctly" name="AppBuilder — Offline.Build Tracking (SQLite).Save-BuildRecord with failed status persists correctly" time="0.0378" asserts="0" success="True" result="Success" executed="True" />
                </results>
              </test-suite>
              <test-suite type="TestFixture" name="AppBuilder — Offline.Build Failure Handling" executed="True" result="Success" success="True" time="4.4358" asserts="0" description="AppBuilder — Offline.Build Failure Handling">
                <results>
                  <test-case description="Returns failure result for an empty prompt without throwing" name="AppBuilder — Offline.Build Failure Handling.Returns failure result for an empty prompt without throwing" time="0.0307" asserts="0" success="True" result="Success" executed="True" />
                  <test-case description="Returns failure result for a whitespace-only prompt without throwing" name="AppBuilder — Offline.Build Failure Handling.Returns failure result for a whitespace-only prompt without throwing" time="0.0157" asserts="0" success="True" result="Success" executed="True" />
                </results>
              </test-suite>
              <test-suite type="TestFixture" name="AppBuilder — Offline.Truncation Guard (Invoke-CodeGeneration)" executed="True" result="Success" success="True" time="5.348" asserts="0" description="AppBuilder — Offline.Truncation Guard (Invoke-CodeGeneration)">
                <results>
                  <test-case description="Returns failure with StopReason when response is truncated (max_tokens)" name="AppBuilder — Offline.Truncation Guard (Invoke-CodeGeneration).Returns failure with StopReason when response is truncated (max_tokens)" time="0.7594" asserts="0" success="True" result="Success" executed="True" />
                  <test-case description="Returns failure with StopReason when response has length stop reason" name="AppBuilder — Offline.Truncation Guard (Invoke-CodeGeneration).Returns failure with StopReason when response has length stop reason" time="0.0684" asserts="0" success="True" result="Success" executed="True" />
                  <test-case description="Proceeds normally when StopReason is stop (not truncated)" name="AppBuilder — Offline.Truncation Guard (Invoke-CodeGeneration).Proceeds normally when StopReason is stop (not truncated)" time="0.0808" asserts="0" success="True" result="Success" executed="True" />
                </results>
              </test-suite>
              <test-suite type="TestFixture" name="AppBuilder — Offline.Build Name Sanitization" executed="True" result="Success" success="True" time="5.3985" asserts="0" description="AppBuilder — Offline.Build Name Sanitization">
                <results>
                  <test-case description="Strips invalid filesystem characters from build names" name="AppBuilder — Offline.Build Name Sanitization.Strips invalid filesystem characters from build names" time="0.016" asserts="0" success="True" result="Success" executed="True" />
                  <test-case description="Trims leading and trailing whitespace" name="AppBuilder — Offline.Build Name Sanitization.Trims leading and trailing whitespace" time="0.0124" asserts="0" success="True" result="Success" executed="True" />
                  <test-case description="Handles empty name without throwing" name="AppBuilder — Offline.Build Name Sanitization.Handles empty name without throwing" time="0.0175" asserts="0" success="True" result="Success" executed="True" />
                </results>
              </test-suite>
            </results>
          </test-suite>
          <test-suite type="TestFixture" name="AppBuilder — Pipeline v2" executed="True" result="Success" success="True" time="6.9545" asserts="0" description="AppBuilder — Pipeline v2">
            <results>
              <test-suite type="TestFixture" name="AppBuilder — Pipeline v2.Framework Routing — powershell-module" executed="True" result="Success" success="True" time="0.111" asserts="0" description="AppBuilder — Pipeline v2.Framework Routing — powershell-module">
                <results>
                  <test-case description="Explicit -Framework powershell-module override works" name="AppBuilder — Pipeline v2.Framework Routing — powershell-module.Explicit -Framework powershell-module override works" time="0.0293" asserts="0" success="True" result="Success" executed="True" />
                  <test-case description="Does not route generic app prompts to powershell-module" name="AppBuilder — Pipeline v2.Framework Routing — powershell-module.Does not route generic app prompts to powershell-module" time="0.0121" asserts="0" success="True" result="Success" executed="True" />
                  <test-suite type="ParameterizedTest" name="AppBuilder — Pipeline v2.Framework Routing — powershell-module.Routes &quot;&lt;prompt&gt;&quot; to powershell-module" executed="True" result="Success" success="True" time="0.0666" asserts="0" description="Routes &quot;&lt;prompt&gt;&quot; to powershell-module">
                    <results>
                      <test-case description="Routes &quot;a powershell module for log parsing&quot; to powershell-module" name="AppBuilder — Pipeline v2.Framework Routing — powershell-module.Routes &quot;a powershell module for log parsing&quot; to powershell-module" time="0.0195" asserts="0" success="True" result="Success" executed="True" />
                      <test-case description="Routes &quot;create a ps module for Azure backups&quot; to powershell-module" name="AppBuilder — Pipeline v2.Framework Routing — powershell-module.Routes &quot;create a ps module for Azure backups&quot; to powershell-module" time="0.0022" asserts="0" success="True" result="Success" executed="True" />
                      <test-case description="Routes &quot;build a cmdlet collection for file management&quot; to powershell-module" name="AppBuilder — Pipeline v2.Framework Routing — powershell-module.Routes &quot;build a cmdlet collection for file management&quot; to powershell-module" time="0.0213" asserts="0" success="True" result="Success" executed="True" />
                      <test-case description="Routes &quot;an automation module for CI/CD&quot; to powershell-module" name="AppBuilder — Pipeline v2.Framework Routing — powershell-module.Routes &quot;an automation module for CI/CD&quot; to powershell-module" time="0.0028" asserts="0" success="True" result="Success" executed="True" />
                      <test-case description="Routes &quot;a profile module for my powershell setup&quot; to powershell-module" name="AppBuilder — Pipeline v2.Framework Routing — powershell-module.Routes &quot;a profile module for my powershell setup&quot; to powershell-module" time="0.0208" asserts="0" success="True" result="Success" executed="True" />
                    </results>
                  </test-suite>
                </results>
              </test-suite>
              <test-suite type="TestFixture" name="AppBuilder — Pipeline v2.Tauri HTML Validation" executed="True" result="Success" success="True" time="0.3332" asserts="0" description="AppBuilder — Pipeline v2.Tauri HTML Validation">
                <results>
                  <test-case description="Flags missing DOCTYPE in Tauri HTML" name="AppBuilder — Pipeline v2.Tauri HTML Validation.Flags missing DOCTYPE in Tauri HTML" time="0.0244" asserts="0" success="True" result="Success" executed="True" />
                  <test-case description="Flags missing  in Tauri HTML" name="AppBuilder — Pipeline v2.Tauri HTML Validation.Flags missing  in Tauri HTML" time="0.0335" asserts="0" success="True" result="Success" executed="True" />
                  <test-case description="Flags missing  in Tauri HTML" name="AppBuilder — Pipeline v2.Tauri HTML Validation.Flags missing  in Tauri HTML" time="0.0335" asserts="0" success="True" result="Success" executed="True" />
                  <test-case description="Flags external script sources in Tauri HTML" name="AppBuilder — Pipeline v2.Tauri HTML Validation.Flags external script sources in Tauri HTML" time="0.0294" asserts="0" success="True" result="Success" executed="True" />
                  <test-case description="Flags external link sources in Tauri HTML" name="AppBuilder — Pipeline v2.Tauri HTML Validation.Flags external link sources in Tauri HTML" time="0.0315" asserts="0" success="True" result="Success" executed="True" />
                  <test-case description="Passes valid self-contained Tauri HTML" name="AppBuilder — Pipeline v2.Tauri HTML Validation.Passes valid self-contained Tauri HTML" time="0.0424" asserts="0" success="True" result="Success" executed="True" />
                  <test-case description="Does NOT apply HTML checks to non-Tauri frameworks" name="AppBuilder — Pipeline v2.Tauri HTML Validation.Does NOT apply HTML checks to non-Tauri frameworks" time="0.0241" asserts="0" success="True" result="Success" executed="True" />
                </results>
              </test-suite>
              <test-suite type="TestFixture" name="AppBuilder — Pipeline v2.Tauri JS Security Validation" executed="True" result="Success" success="True" time="0.601" asserts="0" description="AppBuilder — Pipeline v2.Tauri JS Security Validation">
                <results>
                  <test-case description="Flags eval() in Tauri JS files" name="AppBuilder — Pipeline v2.Tauri JS Security Validation.Flags eval() in Tauri JS files" time="0.0256" asserts="0" success="True" result="Success" executed="True" />
                  <test-case description="Flags innerHTML assigned from bare variable in Tauri JS" name="AppBuilder — Pipeline v2.Tauri JS Security Validation.Flags innerHTML assigned from bare variable in Tauri JS" time="0.0268" asserts="0" success="True" result="Success" executed="True" />
                  <test-case description="Allows innerHTML with string literal in Tauri JS" name="AppBuilder — Pipeline v2.Tauri JS Security Validation.Allows innerHTML with string literal in Tauri JS" time="0.0414" asserts="0" success="True" result="Success" executed="True" />
                  <test-case description="Allows innerHTML with template literal in Tauri JS" name="AppBuilder — Pipeline v2.Tauri JS Security Validation.Allows innerHTML with template literal in Tauri JS" time="0.0445" asserts="0" success="True" result="Success" executed="True" />
                  <test-case description="Flags document.write in Tauri JS" name="AppBuilder — Pipeline v2.Tauri JS Security Validation.Flags document.write in Tauri JS" time="0.0269" asserts="0" success="True" result="Success" executed="True" />
                  <test-case description="Flags new Function() in Tauri JS" name="AppBuilder — Pipeline v2.Tauri JS Security Validation.Flags new Function() in Tauri JS" time="0.0251" asserts="0" success="True" result="Success" executed="True" />
                  <test-case description="Passes clean Tauri JS" name="AppBuilder — Pipeline v2.Tauri JS Security Validation.Passes clean Tauri JS" time="0.0478" asserts="0" success="True" result="Success" executed="True" />
                  <test-case description="Does NOT apply JS security checks to non-Tauri frameworks" name="AppBuilder — Pipeline v2.Tauri JS Security Validation.Does NOT apply JS security checks to non-Tauri frameworks" time="0.0264" asserts="0" success="True" result="Success" executed="True" />
                </results>
              </test-suite>
              <test-suite type="TestFixture" name="AppBuilder — Pipeline v2.PowerShell Module Validators" executed="True" result="Success" success="True" time="1.0009" asserts="0" description="AppBuilder — Pipeline v2.PowerShell Module Validators">
                <results>
                  <test-case description="Flags unapproved verb in module function" name="AppBuilder — Pipeline v2.PowerShell Module Validators.Flags unapproved verb in module function" time="0.0694" asserts="0" success="True" result="Success" executed="True" />
                  <test-case description="Passes approved verb-noun function names" name="AppBuilder — Pipeline v2.PowerShell Module Validators.Passes approved verb-noun function names" time="0.0398" asserts="0" success="True" result="Success" executed="True" />
                  <test-case description="Flags missing ModuleVersion in manifest" name="AppBuilder — Pipeline v2.PowerShell Module Validators.Flags missing ModuleVersion in manifest" time="0.0386" asserts="0" success="True" result="Success" executed="True" />
                  <test-case description="Flags missing FunctionsToExport in manifest" name="AppBuilder — Pipeline v2.PowerShell Module Validators.Flags missing FunctionsToExport in manifest" time="0.0413" asserts="0" success="True" result="Success" executed="True" />
                  <test-case description="Flags module with no exported functions" name="AppBuilder — Pipeline v2.PowerShell Module Validators.Flags module with no exported functions" time="0.0288" asserts="0" success="True" result="Success" executed="True" />
                  <test-case description="Flags New-Object -ComObject in modules" name="AppBuilder — Pipeline v2.PowerShell Module Validators.Flags New-Object -ComObject in modules" time="0.0384" asserts="0" success="True" result="Success" executed="True" />
                  <test-case description="Flags remote WMI queries in modules" name="AppBuilder — Pipeline v2.PowerShell Module Validators.Flags remote WMI queries in modules" time="0.0404" asserts="0" success="True" result="Success" executed="True" />
                  <test-case description="Flags network listeners in modules" name="AppBuilder — Pipeline v2.PowerShell Module Validators.Flags network listeners in modules" time="0.0438" asserts="0" success="True" result="Success" executed="True" />
                  <test-case description="Passes a complete well-formed module" name="AppBuilder — Pipeline v2.PowerShell Module Validators.Passes a complete well-formed module" time="0.0563" asserts="0" success="True" result="Success" executed="True" />
                </results>
              </test-suite>
              <test-suite type="TestFixture" name="AppBuilder — Pipeline v2.PowerShell Module Branding" executed="True" result="Success" success="True" time="1.0809" asserts="0" description="AppBuilder — Pipeline v2.PowerShell Module Branding">
                <results>
                  <test-case description="Injects attribution header into .psm1" name="AppBuilder — Pipeline v2.PowerShell Module Branding.Injects attribution header into .psm1" time="0.0307" asserts="0" success="True" result="Success" executed="True" />
                  <test-case description="Does not double-inject attribution" name="AppBuilder — Pipeline v2.PowerShell Module Branding.Does not double-inject attribution" time="0.0247" asserts="0" success="True" result="Success" executed="True" />
                  <test-case description="NoBranding strips attribution from module" name="AppBuilder — Pipeline v2.PowerShell Module Branding.NoBranding strips attribution from module" time="0.0215" asserts="0" success="True" result="Success" executed="True" />
                </results>
              </test-suite>
              <test-suite type="TestFixture" name="AppBuilder — Pipeline v2.Build Memory" executed="True" result="Success" success="True" time="1.2661" asserts="0" description="AppBuilder — Pipeline v2.Build Memory">
                <results>
                  <test-case description="Initialize-BuildMemoryTable creates the table" name="AppBuilder — Pipeline v2.Build Memory.Initialize-BuildMemoryTable creates the table" time="0.0191" asserts="0" success="True" result="Success" executed="True" />
                  <test-case description="Save-BuildConstraint stores a new constraint" name="AppBuilder — Pipeline v2.Build Memory.Save-BuildConstraint stores a new constraint" time="0.0447" asserts="0" success="True" result="Success" executed="True" />
                  <test-case description="Save-BuildConstraint increments hit_count on duplicate" name="AppBuilder — Pipeline v2.Build Memory.Save-BuildConstraint increments hit_count on duplicate" time="0.0352" asserts="0" success="True" result="Success" executed="True" />
                  <test-case description="Get-BuildConstraints retrieves stored constraints" name="AppBuilder — Pipeline v2.Build Memory.Get-BuildConstraints retrieves stored constraints" time="0.0446" asserts="0" success="True" result="Success" executed="True" />
                  <test-case description="Get-BuildConstraints returns empty for unknown framework" name="AppBuilder — Pipeline v2.Build Memory.Get-BuildConstraints returns empty for unknown framework" time="0.0143" asserts="0" success="True" result="Success" executed="True" />
                </results>
              </test-suite>
              <test-suite type="TestFixture" name="AppBuilder — Pipeline v2.Error Categorizer (ConvertTo-BuildConstraint)" executed="True" result="Success" success="True" time="1.3631" asserts="0" description="AppBuilder — Pipeline v2.Error Categorizer (ConvertTo-BuildConstraint)">
                <results>
                  <test-case description="Categorizes PowerShell variable scope error" name="AppBuilder — Pipeline v2.Error Categorizer (ConvertTo-BuildConstraint).Categorizes PowerShell variable scope error" time="0.0173" asserts="0" success="True" result="Success" executed="True" />
                  <test-case description="Categorizes PowerShell null-coalescing error" name="AppBuilder — Pipeline v2.Error Categorizer (ConvertTo-BuildConstraint).Categorizes PowerShell null-coalescing error" time="0.0195" asserts="0" success="True" result="Success" executed="True" />
                  <test-case description="Categorizes Tauri unresolved import error" name="AppBuilder — Pipeline v2.Error Categorizer (ConvertTo-BuildConstraint).Categorizes Tauri unresolved import error" time="0.0146" asserts="0" success="True" result="Success" executed="True" />
                  <test-case description="Categorizes Tauri borrow checker error" name="AppBuilder — Pipeline v2.Error Categorizer (ConvertTo-BuildConstraint).Categorizes Tauri borrow checker error" time="0.0125" asserts="0" success="True" result="Success" executed="True" />
                  <test-case description="Categorizes Python import error" name="AppBuilder — Pipeline v2.Error Categorizer (ConvertTo-BuildConstraint).Categorizes Python import error" time="0.0125" asserts="0" success="True" result="Success" executed="True" />
                  <test-case description="Returns generic fallback for unknown errors" name="AppBuilder — Pipeline v2.Error Categorizer (ConvertTo-BuildConstraint).Returns generic fallback for unknown errors" time="0.0163" asserts="0" success="True" result="Success" executed="True" />
                </results>
              </test-suite>
              <test-suite type="TestFixture" name="AppBuilder — Pipeline v2.Planning Agent Threshold" executed="True" result="Success" success="True" time="1.4416" asserts="0" description="AppBuilder — Pipeline v2.Planning Agent Threshold">
                <results>
                  <test-case description="Skips planning for short specs (≤150 words)" name="AppBuilder — Pipeline v2.Planning Agent Threshold.Skips planning for short specs (≤150 words)" time="0.0261" asserts="0" success="True" result="Success" executed="True" />
                  <test-case description="Would trigger planning for long specs (&gt;150 words)" name="AppBuilder — Pipeline v2.Planning Agent Threshold.Would trigger planning for long specs (&gt;150 words)" time="0.0459" asserts="0" success="True" result="Success" executed="True" />
                </results>
              </test-suite>
              <test-suite type="TestFixture" name="AppBuilder — Pipeline v2.Theme Preset Colors" executed="True" result="Success" success="True" time="1.4655" asserts="0" description="AppBuilder — Pipeline v2.Theme Preset Colors">
                <results>
                  <test-case description="Dark theme accent is Bildsy blue (#4A90E2) not purple" name="AppBuilder — Pipeline v2.Theme Preset Colors.Dark theme accent is Bildsy blue (#4A90E2) not purple" time="0.0203" asserts="0" success="True" result="Success" executed="True" />
                </results>
              </test-suite>
              <test-suite type="TestFixture" name="AppBuilder — Pipeline v2.Code Repair — .psm1 support" executed="True" result="Success" success="True" time="1.5069" asserts="0" description="AppBuilder — Pipeline v2.Code Repair — .psm1 support">
                <results>
                  <test-case description="Repairs variable scope errors in .psm1 files" name="AppBuilder — Pipeline v2.Code Repair — .psm1 support.Repairs variable scope errors in .psm1 files" time="0.0369" asserts="0" success="True" result="Success" executed="True" />
                </results>
              </test-suite>
            </results>
          </test-suite>
          <test-suite type="TestFixture" name="AppBuilder — Pipeline Fixes" executed="True" result="Success" success="True" time="9.1502" asserts="0" description="AppBuilder — Pipeline Fixes">
            <results>
              <test-suite type="TestFixture" name="AppBuilder — Pipeline Fixes.Token Cap Removal (Get-BuildMaxTokens)" executed="True" result="Success" success="True" time="0.0674" asserts="0" description="AppBuilder — Pipeline Fixes.Token Cap Removal (Get-BuildMaxTokens)">
                <results>
                  <test-case description="Returns full 64000 for claude-sonnet-4-6 (no cap)" name="AppBuilder — Pipeline Fixes.Token Cap Removal (Get-BuildMaxTokens).Returns full 64000 for claude-sonnet-4-6 (no cap)" time="0.0148" asserts="0" success="True" result="Success" executed="True" />
                  <test-case description="Returns full 128000 for claude-opus-4-6 (no cap)" name="AppBuilder — Pipeline Fixes.Token Cap Removal (Get-BuildMaxTokens).Returns full 128000 for claude-opus-4-6 (no cap)" time="0.0168" asserts="0" success="True" result="Success" executed="True" />
                  <test-case description="Returns full 16384 for gpt-4o (no cap)" name="AppBuilder — Pipeline Fixes.Token Cap Removal (Get-BuildMaxTokens).Returns full 16384 for gpt-4o (no cap)" time="0.0124" asserts="0" success="True" result="Success" executed="True" />
                  <test-case description="Override still works" name="AppBuilder — Pipeline Fixes.Token Cap Removal (Get-BuildMaxTokens).Override still works" time="0.0147" asserts="0" success="True" result="Success" executed="True" />
                </results>
              </test-suite>
              <test-suite type="TestFixture" name="AppBuilder — Pipeline Fixes.Get-CodeBlocks Filename Extraction" executed="True" result="Success" success="True" time="0.1907" asserts="0" description="AppBuilder — Pipeline Fixes.Get-CodeBlocks Filename Extraction">
                <results>
                  <test-case description="Extracts filename from fence line" name="AppBuilder — Pipeline Fixes.Get-CodeBlocks Filename Extraction.Extracts filename from fence line" time="0.0232" asserts="0" success="True" result="Success" executed="True" />
                  <test-case description="Extracts path with subdirectory from fence line" name="AppBuilder — Pipeline Fixes.Get-CodeBlocks Filename Extraction.Extracts path with subdirectory from fence line" time="0.0176" asserts="0" success="True" result="Success" executed="True" />
                  <test-case description="Returns null FileName when no filename in fence" name="AppBuilder — Pipeline Fixes.Get-CodeBlocks Filename Extraction.Returns null FileName when no filename in fence" time="0.0208" asserts="0" success="True" result="Success" executed="True" />
                  <test-case description="Handles multiple blocks with different filenames" name="AppBuilder — Pipeline Fixes.Get-CodeBlocks Filename Extraction.Handles multiple blocks with different filenames" time="0.0397" asserts="0" success="True" result="Success" executed="True" />
                  <test-case description="Preserves backward compatibility — Language still works" name="AppBuilder — Pipeline Fixes.Get-CodeBlocks Filename Extraction.Preserves backward compatibility — Language still works" time="0.0186" asserts="0" success="True" result="Success" executed="True" />
                </results>
              </test-suite>
              <test-suite type="TestFixture" name="AppBuilder — Pipeline Fixes.Merge-PowerShellSources" executed="True" result="Success" success="True" time="0.4249" asserts="0" description="AppBuilder — Pipeline Fixes.Merge-PowerShellSources">
                <results>
                  <test-case description="Returns app.ps1 directly for single-file projects" name="AppBuilder — Pipeline Fixes.Merge-PowerShellSources.Returns app.ps1 directly for single-file projects" time="0.0455" asserts="0" success="True" result="Success" executed="True" />
                  <test-case description="Merges multiple files and strips dot-source lines" name="AppBuilder — Pipeline Fixes.Merge-PowerShellSources.Merges multiple files and strips dot-source lines" time="0.1237" asserts="0" success="True" result="Success" executed="True" />
                  <test-case description="Returns failure when app.ps1 is missing" name="AppBuilder — Pipeline Fixes.Merge-PowerShellSources.Returns failure when app.ps1 is missing" time="0.0275" asserts="0" success="True" result="Success" executed="True" />
                </results>
              </test-suite>
              <test-suite type="TestFixture" name="AppBuilder — Pipeline Fixes.Multi-File Code Generation Mapping" executed="True" result="Success" success="True" time="0.6231" asserts="0" description="AppBuilder — Pipeline Fixes.Multi-File Code Generation Mapping">
                <results>
                  <test-case description="Maps Tauri files correctly using fence filenames" name="AppBuilder — Pipeline Fixes.Multi-File Code Generation Mapping.Maps Tauri files correctly using fence filenames" time="0.1032" asserts="0" success="True" result="Success" executed="True" />
                  <test-case description="Maps multi-file PowerShell correctly using fence filenames" name="AppBuilder — Pipeline Fixes.Multi-File Code Generation Mapping.Maps multi-file PowerShell correctly using fence filenames" time="0.0914" asserts="0" success="True" result="Success" executed="True" />
                </results>
              </test-suite>
              <test-suite type="TestFixture" name="AppBuilder — Pipeline Fixes.Fix Loop MaxRetries Default" executed="True" result="Success" success="True" time="0.6566" asserts="0" description="AppBuilder — Pipeline Fixes.Fix Loop MaxRetries Default">
                <results>
                  <test-case description="Invoke-BuildFixLoop accepts MaxRetries parameter" name="AppBuilder — Pipeline Fixes.Fix Loop MaxRetries Default.Invoke-BuildFixLoop accepts MaxRetries parameter" time="0.0306" asserts="0" success="True" result="Success" executed="True" />
                </results>
              </test-suite>
              <test-suite type="TestFixture" name="AppBuilder — Pipeline Fixes.Repair-GeneratedCode — Python indentation" executed="True" result="Success" success="True" time="0.6892" asserts="0" description="AppBuilder — Pipeline Fixes.Repair-GeneratedCode — Python indentation">
                <results>
                  <test-case description="Fixes missing indentation after def/if/for blocks" name="AppBuilder — Pipeline Fixes.Repair-GeneratedCode — Python indentation.Fixes missing indentation after def/if/for blocks" time="0.0178" asserts="0" success="True" result="Success" executed="True" />
                  <test-case description="Does not modify already-correct Python indentation" name="AppBuilder — Pipeline Fixes.Repair-GeneratedCode — Python indentation.Does not modify already-correct Python indentation" time="0.0115" asserts="0" success="True" result="Success" executed="True" />
                </results>
              </test-suite>
              <test-suite type="TestFixture" name="AppBuilder — Pipeline Fixes.Repair-GeneratedCode — Rust lifetime annotation" executed="True" result="Success" success="True" time="0.7333" asserts="0" description="AppBuilder — Pipeline Fixes.Repair-GeneratedCode — Rust lifetime annotation">
                <results>
                  <test-case description="Adds lifetime to struct with bare &amp;str fields" name="AppBuilder — Pipeline Fixes.Repair-GeneratedCode — Rust lifetime annotation.Adds lifetime to struct with bare &amp;str fields" time="0.0247" asserts="0" success="True" result="Success" executed="True" />
                  <test-case description="Skips struct that already has lifetime annotation" name="AppBuilder — Pipeline Fixes.Repair-GeneratedCode — Rust lifetime annotation.Skips struct that already has lifetime annotation" time="0.0161" asserts="0" success="True" result="Success" executed="True" />
                </results>
              </test-suite>
              <test-suite type="TestFixture" name="AppBuilder — Pipeline Fixes.Repair-GeneratedCode — PS7 operator downgrade" executed="True" result="Success" success="True" time="0.7553" asserts="0" description="AppBuilder — Pipeline Fixes.Repair-GeneratedCode — PS7 operator downgrade">
                <results>
                  <test-case description="Replaces ?? with if/else equivalent" name="AppBuilder — Pipeline Fixes.Repair-GeneratedCode — PS7 operator downgrade.Replaces ?? with if/else equivalent" time="0.0193" asserts="0" success="True" result="Success" executed="True" />
                </results>
              </test-suite>
              <test-suite type="TestFixture" name="AppBuilder — Pipeline Fixes.innerHTML — user-controlled template interpolation" executed="True" result="Success" success="True" time="0.8542" asserts="0" description="AppBuilder — Pipeline Fixes.innerHTML — user-controlled template interpolation">
                <results>
                  <test-case description="Flags innerHTML with .value interpolation" name="AppBuilder — Pipeline Fixes.innerHTML — user-controlled template interpolation.Flags innerHTML with .value interpolation" time="0.0294" asserts="0" success="True" result="Success" executed="True" />
                  <test-case description="Flags innerHTML with location interpolation" name="AppBuilder — Pipeline Fixes.innerHTML — user-controlled template interpolation.Flags innerHTML with location interpolation" time="0.0203" asserts="0" success="True" result="Success" executed="True" />
                  <test-case description="Allows innerHTML with safe app-data interpolation" name="AppBuilder — Pipeline Fixes.innerHTML — user-controlled template interpolation.Allows innerHTML with safe app-data interpolation" time="0.0461" asserts="0" success="True" result="Success" executed="True" />
                </results>
              </test-suite>
              <test-suite type="TestFixture" name="AppBuilder — Pipeline Fixes.Complexity gate — framework-aware base cost" executed="True" result="Success" success="True" time="0.8795" asserts="0" description="AppBuilder — Pipeline Fixes.Complexity gate — framework-aware base cost">
                <results>
                  <test-case description="Get-BuildMaxTokens returns a value for tauri framework" name="AppBuilder — Pipeline Fixes.Complexity gate — framework-aware base cost.Get-BuildMaxTokens returns a value for tauri framework" time="0.0214" asserts="0" success="True" result="Success" executed="True" />
                </results>
              </test-suite>
              <test-suite type="TestFixture" name="AppBuilder — Pipeline Fixes.Security Scanner — framework isolation" executed="True" result="Success" success="True" time="1.1101" asserts="0" description="AppBuilder — Pipeline Fixes.Security Scanner — framework isolation">
                <results>
                  <test-case description=".psm1 files get PowerShell patterns, not Python patterns" name="AppBuilder — Pipeline Fixes.Security Scanner — framework isolation..psm1 files get PowerShell patterns, not Python patterns" time="0.0327" asserts="0" success="True" result="Success" executed="True" />
                  <test-case description=".rs files do not get Python or PowerShell patterns" name="AppBuilder — Pipeline Fixes.Security Scanner — framework isolation..rs files do not get Python or PowerShell patterns" time="0.0369" asserts="0" success="True" result="Success" executed="True" />
                  <test-case description=".html files do not get Python or PowerShell patterns" name="AppBuilder — Pipeline Fixes.Security Scanner — framework isolation..html files do not get Python or PowerShell patterns" time="0.0276" asserts="0" success="True" result="Success" executed="True" />
                  <test-case description="subprocess.Popen(shell=True) is still a hard error for .py files" name="AppBuilder — Pipeline Fixes.Security Scanner — framework isolation.subprocess.Popen(shell=True) is still a hard error for .py files" time="0.1302" asserts="0" success="True" result="Success" executed="True" />
                </results>
              </test-suite>
              <test-suite type="TestFixture" name="AppBuilder — Pipeline Fixes.Branding Injection — idempotency" executed="True" result="Success" success="True" time="1.2292" asserts="0" description="AppBuilder — Pipeline Fixes.Branding Injection — idempotency">
                <results>
                  <test-case description="Skips injection when LLM already generated aboutItem" name="AppBuilder — Pipeline Fixes.Branding Injection — idempotency.Skips injection when LLM already generated aboutItem" time="0.037" asserts="0" success="True" result="Success" executed="True" />
                  <test-case description="Skips injection when LLM already generated About ToolStripMenuItem" name="AppBuilder — Pipeline Fixes.Branding Injection — idempotency.Skips injection when LLM already generated About ToolStripMenuItem" time="0.026" asserts="0" success="True" result="Success" executed="True" />
                  <test-case description="Detects actual form variable name ($mainForm instead of $form)" name="AppBuilder — Pipeline Fixes.Branding Injection — idempotency.Detects actual form variable name ($mainForm instead of $form)" time="0.0253" asserts="0" success="True" result="Success" executed="True" />
                  <test-case description="Checks for existing Help menu before adding a new one" name="AppBuilder — Pipeline Fixes.Branding Injection — idempotency.Checks for existing Help menu before adding a new one" time="0.027" asserts="0" success="True" result="Success" executed="True" />
                </results>
              </test-suite>
              <test-suite type="TestFixture" name="AppBuilder — Pipeline Fixes.Fix Loop — context preservation" executed="True" result="Success" success="True" time="1.2793" asserts="0" description="AppBuilder — Pipeline Fixes.Fix Loop — context preservation">
                <results>
                  <test-case description="Preserved sections include UI_LAYOUT and EDGE_CASES" name="AppBuilder — Pipeline Fixes.Fix Loop — context preservation.Preserved sections include UI_LAYOUT and EDGE_CASES" time="0.0295" asserts="0" success="True" result="Success" executed="True" />
                  <test-case description="Invoke-BuildFixLoop accepts PreviousFiles parameter" name="AppBuilder — Pipeline Fixes.Fix Loop — context preservation.Invoke-BuildFixLoop accepts PreviousFiles parameter" time="0.0179" asserts="0" success="True" result="Success" executed="True" />
                </results>
              </test-suite>
              <test-suite type="TestFixture" name="AppBuilder — Pipeline Fixes.Contract Generation Agent" executed="True" result="Success" success="True" time="1.2986" asserts="0" description="AppBuilder — Pipeline Fixes.Contract Generation Agent">
                <results>
                  <test-case description="Invoke-BuildContract function exists with required parameters" name="AppBuilder — Pipeline Fixes.Contract Generation Agent.Invoke-BuildContract function exists with required parameters" time="0.0159" asserts="0" success="True" result="Success" executed="True" />
                </results>
              </test-suite>
              <test-suite type="TestFixture" name="AppBuilder — Pipeline Fixes.Token Budget Floor" executed="True" result="Success" success="True" time="1.3266" asserts="0" description="AppBuilder — Pipeline Fixes.Token Budget Floor">
                <results>
                  <test-case description="Get-BuildMaxTokens returns correct value for claude-sonnet-4-6" name="AppBuilder — Pipeline Fixes.Token Budget Floor.Get-BuildMaxTokens returns correct value for claude-sonnet-4-6" time="0.0125" asserts="0" success="True" result="Success" executed="True" />
                  <test-case description="Get-BuildMaxTokens returns 8192 for claude-sonnet-4-5" name="AppBuilder — Pipeline Fixes.Token Budget Floor.Get-BuildMaxTokens returns 8192 for claude-sonnet-4-5" time="0.0116" asserts="0" success="True" result="Success" executed="True" />
                </results>
              </test-suite>
              <test-suite type="TestFixture" name="AppBuilder — Pipeline Fixes.Budget-Aware Refiner" executed="True" result="Success" success="True" time="1.3949" asserts="0" description="AppBuilder — Pipeline Fixes.Budget-Aware Refiner">
                <results>
                  <test-case description="Invoke-PromptRefinement accepts FeatureCapOverride parameter" name="AppBuilder — Pipeline Fixes.Budget-Aware Refiner.Invoke-PromptRefinement accepts FeatureCapOverride parameter" time="0.011" asserts="0" success="True" result="Success" executed="True" />
                  <test-case description="Framework feature caps table exists with expected frameworks" name="AppBuilder — Pipeline Fixes.Budget-Aware Refiner.Framework feature caps table exists with expected frameworks" time="0.0241" asserts="0" success="True" result="Success" executed="True" />
                  <test-case description="Refiner prompt contains FEATURE_CAP placeholder and DEFERRED section" name="AppBuilder — Pipeline Fixes.Budget-Aware Refiner.Refiner prompt contains FEATURE_CAP placeholder and DEFERRED section" time="0.0138" asserts="0" success="True" result="Success" executed="True" />
                  <test-case description="Refiner routes to Haiku 4.5 model" name="AppBuilder — Pipeline Fixes.Budget-Aware Refiner.Refiner routes to Haiku 4.5 model" time="0.016" asserts="0" success="True" result="Success" executed="True" />
                </results>
              </test-suite>
              <test-suite type="TestFixture" name="AppBuilder — Pipeline Fixes.Review Agent — DEFECTS vs SCOPE_GAPS split" executed="True" result="Success" success="True" time="1.576" asserts="0" description="AppBuilder — Pipeline Fixes.Review Agent — DEFECTS vs SCOPE_GAPS split">
                <results>
                  <test-case description="Invoke-BuildReview returns Defects and ScopeGaps keys" name="AppBuilder — Pipeline Fixes.Review Agent — DEFECTS vs SCOPE_GAPS split.Invoke-BuildReview returns Defects and ScopeGaps keys" time="0.0224" asserts="0" success="True" result="Success" executed="True" />
                  <test-case description="Review prompt requires DEFECTS and SCOPE_GAPS sections" name="AppBuilder — Pipeline Fixes.Review Agent — DEFECTS vs SCOPE_GAPS split.Review prompt requires DEFECTS and SCOPE_GAPS sections" time="0.0212" asserts="0" success="True" result="Success" executed="True" />
                  <test-case description="Build memory does not save [Review] prefixed errors as constraints" name="AppBuilder — Pipeline Fixes.Review Agent — DEFECTS vs SCOPE_GAPS split.Build memory does not save [Review] prefixed errors as constraints" time="0.0174" asserts="0" success="True" result="Success" executed="True" />
                  <test-case description="Empty DEFECTS section does not capture SCOPE_GAPS content as defects" name="AppBuilder — Pipeline Fixes.Review Agent — DEFECTS vs SCOPE_GAPS split.Empty DEFECTS section does not capture SCOPE_GAPS content as defects" time="0.0544" asserts="0" success="True" result="Success" executed="True" />
                  <test-case description="Properly separates DEFECTS and SCOPE_GAPS when both have items" name="AppBuilder — Pipeline Fixes.Review Agent — DEFECTS vs SCOPE_GAPS split.Properly separates DEFECTS and SCOPE_GAPS when both have items" time="0.0626" asserts="0" success="True" result="Success" executed="True" />
                </results>
              </test-suite>
              <test-suite type="TestFixture" name="AppBuilder — Pipeline Fixes.Rust Dependency Cross-Reference" executed="True" result="Success" success="True" time="1.706" asserts="0" description="AppBuilder — Pipeline Fixes.Rust Dependency Cross-Reference">
                <results>
                  <test-case description="Detects crate used in .rs but missing from Cargo.toml" name="AppBuilder — Pipeline Fixes.Rust Dependency Cross-Reference.Detects crate used in .rs but missing from Cargo.toml" time="0.0499" asserts="0" success="True" result="Success" executed="True" />
                  <test-case description="Passes when all used crates are declared in Cargo.toml" name="AppBuilder — Pipeline Fixes.Rust Dependency Cross-Reference.Passes when all used crates are declared in Cargo.toml" time="0.0395" asserts="0" success="True" result="Success" executed="True" />
                  <test-case description="Ignores built-in crate paths (std, core, alloc, self, super)" name="AppBuilder — Pipeline Fixes.Rust Dependency Cross-Reference.Ignores built-in crate paths (std, core, alloc, self, super)" time="0.0377" asserts="0" success="True" result="Success" executed="True" />
                </results>
              </test-suite>
              <test-suite type="TestFixture" name="AppBuilder — Pipeline Fixes.Subprocess shell=True — all variants" executed="True" result="Success" success="True" time="2.0475" asserts="0" description="AppBuilder — Pipeline Fixes.Subprocess shell=True — all variants">
                <results>
                  <test-case description="Flags subprocess.call(shell=True) as dangerous" name="AppBuilder — Pipeline Fixes.Subprocess shell=True — all variants.Flags subprocess.call(shell=True) as dangerous" time="0.1145" asserts="0" success="True" result="Success" executed="True" />
                  <test-case description="Flags subprocess.run(shell=True) as dangerous" name="AppBuilder — Pipeline Fixes.Subprocess shell=True — all variants.Flags subprocess.run(shell=True) as dangerous" time="0.1071" asserts="0" success="True" result="Success" executed="True" />
                  <test-case description="Does NOT flag subprocess.run() without shell=True" name="AppBuilder — Pipeline Fixes.Subprocess shell=True — all variants.Does NOT flag subprocess.run() without shell=True" time="0.1168" asserts="0" success="True" result="Success" executed="True" />
                </results>
              </test-suite>
              <test-suite type="TestFixture" name="AppBuilder — Pipeline Fixes.Complexity Gate — auto-prune logic" executed="True" result="Success" success="True" time="2.1182" asserts="0" description="AppBuilder — Pipeline Fixes.Complexity Gate — auto-prune logic">
                <results>
                  <test-case description="Auto-prune code path exists in New-AppBuild" name="AppBuilder — Pipeline Fixes.Complexity Gate — auto-prune logic.Auto-prune code path exists in New-AppBuild" time="0.0268" asserts="0" success="True" result="Success" executed="True" />
                  <test-case description="Feature count comes from FEATURES section only, not generationSpec" name="AppBuilder — Pipeline Fixes.Complexity Gate — auto-prune logic.Feature count comes from FEATURES section only, not generationSpec" time="0.0227" asserts="0" success="True" result="Success" executed="True" />
                  <test-case description="safeFeatureCount is capped at FrameworkFeatureCaps" name="AppBuilder — Pipeline Fixes.Complexity Gate — auto-prune logic.safeFeatureCount is capped at FrameworkFeatureCaps" time="0.0181" asserts="0" success="True" result="Success" executed="True" />
                </results>
              </test-suite>
              <test-suite type="TestFixture" name="AppBuilder — Pipeline Fixes.Build Memory — fuzzy deduplication" executed="True" result="Success" success="True" time="2.1934" asserts="0" description="AppBuilder — Pipeline Fixes.Build Memory — fuzzy deduplication">
                <results>
                  <test-case description="Fuzzy dedup merges similar constraints instead of duplicating" name="AppBuilder — Pipeline Fixes.Build Memory — fuzzy deduplication.Fuzzy dedup merges similar constraints instead of duplicating" time="0.0413" asserts="0" success="True" result="Success" executed="True" />
                  <test-case description="Does not merge constraints with low keyword overlap" name="AppBuilder — Pipeline Fixes.Build Memory — fuzzy deduplication.Does not merge constraints with low keyword overlap" time="0.0304" asserts="0" success="True" result="Success" executed="True" />
                </results>
              </test-suite>
            </results>
          </test-suite>
        </results>
      </test-suite>
    </results>
  </test-suite>
</test-results>