<?xml version="1.0" encoding="utf-8" standalone="no"?>
<test-results xmlns:xsi="http://www.w3.org/2001/XMLSchema-instance" xsi:noNamespaceSchemaLocation="nunit_schema_2.5.xsd" name="Pester" total="499" errors="0" failures="1" not-run="33" inconclusive="0" ignored="0" skipped="0" invalid="0" date="2026-02-26" time="00:06:01">
  <environment machine-name="_" user="georg" cwd="C:\Users\georg\Documents\PowerShell" nunit-version="2.5.8.0" os-version="10.0.26200" clr-version="9.0.10" platform="Microsoft Windows 11 Home|C:\windows|\Device\Harddisk0\Partition3" user-domain="_" />
  <culture-info current-culture="en-US" current-uiculture="en-US" />
  <test-suite type="TestFixture" name="Pester" executed="True" result="Failure" success="False" time="31.0326" asserts="0" description="Pester">
    <results>
      <test-suite type="TestFixture" name="C:\Users\georg\Documents\PowerShell\Tests\AgentHeartbeat.Tests.ps1" executed="True" result="Success" success="True" time="5.688" asserts="0" description="C:\Users\georg\Documents\PowerShell\Tests\AgentHeartbeat.Tests.ps1">
        <results>
          <test-suite type="TestFixture" name="AgentHeartbeat — Offline" executed="True" result="Success" success="True" time="1.5432" asserts="0" description="AgentHeartbeat — Offline">
            <results>
              <test-suite type="TestFixture" name="AgentHeartbeat — Offline.Task CRUD" executed="True" result="Success" success="True" time="0.8818" asserts="0" description="AgentHeartbeat — Offline.Task CRUD">
                <results>
                  <test-case description="Get-AgentTaskList returns empty array when no file exists" name="AgentHeartbeat — Offline.Task CRUD.Get-AgentTaskList returns empty array when no file exists" time="0.4371" asserts="0" success="True" result="Success" executed="True" />
                  <test-case description="Add-AgentTask creates a task entry" name="AgentHeartbeat — Offline.Task CRUD.Add-AgentTask creates a task entry" time="0.0552" asserts="0" success="True" result="Success" executed="True" />
                  <test-case description="Rejects duplicate task ID" name="AgentHeartbeat — Offline.Task CRUD.Rejects duplicate task ID" time="0.0165" asserts="0" success="True" result="Success" executed="True" />
                  <test-case description="Add-AgentTask adds a second task" name="AgentHeartbeat — Offline.Task CRUD.Add-AgentTask adds a second task" time="0.026" asserts="0" success="True" result="Success" executed="True" />
                  <test-case description="Disable-AgentTask sets enabled to false" name="AgentHeartbeat — Offline.Task CRUD.Disable-AgentTask sets enabled to false" time="0.033" asserts="0" success="True" result="Success" executed="True" />
                  <test-case description="Enable-AgentTask sets enabled back to true" name="AgentHeartbeat — Offline.Task CRUD.Enable-AgentTask sets enabled back to true" time="0.042" asserts="0" success="True" result="Success" executed="True" />
                  <test-case description="Remove-AgentTask removes by ID" name="AgentHeartbeat — Offline.Task CRUD.Remove-AgentTask removes by ID" time="0.0321" asserts="0" success="True" result="Success" executed="True" />
                  <test-case description="Show-AgentTaskList does not throw" name="AgentHeartbeat — Offline.Task CRUD.Show-AgentTaskList does not throw" time="0.1343" asserts="0" success="True" result="Success" executed="True" />
                </results>
              </test-suite>
              <test-suite type="TestFixture" name="AgentHeartbeat — Offline.Input Validation" executed="True" result="Success" success="True" time="1.0555" asserts="0" description="AgentHeartbeat — Offline.Input Validation">
                <results>
                  <test-case description="Rejects invalid time format" name="AgentHeartbeat — Offline.Input Validation.Rejects invalid time format" time="0.0193" asserts="0" success="True" result="Success" executed="True" />
                  <test-case description="Rejects interval schedule without -Interval parameter" name="AgentHeartbeat — Offline.Input Validation.Rejects interval schedule without -Interval parameter" time="0.0096" asserts="0" success="True" result="Success" executed="True" />
                  <test-case description="Rejects invalid interval syntax" name="AgentHeartbeat — Offline.Input Validation.Rejects invalid interval syntax" time="0.0137" asserts="0" success="True" result="Success" executed="True" />
                  <test-case description="Accepts valid interval with d unit" name="AgentHeartbeat — Offline.Input Validation.Accepts valid interval with d unit" time="0.0404" asserts="0" success="True" result="Success" executed="True" />
                  <test-case description="Rejects invalid day names for weekly schedule" name="AgentHeartbeat — Offline.Input Validation.Rejects invalid day names for weekly schedule" time="0.0399" asserts="0" success="True" result="Success" executed="True" />
                  <test-case description="Accepts full day names for weekly schedule" name="AgentHeartbeat — Offline.Input Validation.Accepts full day names for weekly schedule" time="0.0285" asserts="0" success="True" result="Success" executed="True" />
                </results>
              </test-suite>
              <test-suite type="TestFixture" name="AgentHeartbeat — Offline.Atomic Save (Save-AgentTaskList)" executed="True" result="Success" success="True" time="1.1032" asserts="0" description="AgentHeartbeat — Offline.Atomic Save (Save-AgentTaskList)">
                <results>
                  <test-case description="Does not leave a .tmp file after saving" name="AgentHeartbeat — Offline.Atomic Save (Save-AgentTaskList).Does not leave a .tmp file after saving" time="0.0234" asserts="0" success="True" result="Success" executed="True" />
                  <test-case description="Task file content is valid JSON after save" name="AgentHeartbeat — Offline.Atomic Save (Save-AgentTaskList).Task file content is valid JSON after save" time="0.0131" asserts="0" success="True" result="Success" executed="True" />
                </results>
              </test-suite>
              <test-suite type="TestFixture" name="AgentHeartbeat — Offline.Test-TaskDue Schedule Logic" executed="True" result="Success" success="True" time="1.299" asserts="0" description="AgentHeartbeat — Offline.Test-TaskDue Schedule Logic">
                <results>
                  <test-case description="Daily task with null lastRun is due" name="AgentHeartbeat — Offline.Test-TaskDue Schedule Logic.Daily task with null lastRun is due" time="0.0151" asserts="0" success="True" result="Success" executed="True" />
                  <test-case description="Daily task run today is not due" name="AgentHeartbeat — Offline.Test-TaskDue Schedule Logic.Daily task run today is not due" time="0.016" asserts="0" success="True" result="Success" executed="True" />
                  <test-case description="Daily task run yesterday with past target time is due" name="AgentHeartbeat — Offline.Test-TaskDue Schedule Logic.Daily task run yesterday with past target time is due" time="0.0448" asserts="0" success="True" result="Success" executed="True" />
                  <test-case description="Interval task 30m with lastRun 45m ago is due" name="AgentHeartbeat — Offline.Test-TaskDue Schedule Logic.Interval task 30m with lastRun 45m ago is due" time="0.0174" asserts="0" success="True" result="Success" executed="True" />
                  <test-case description="Interval task 30m with lastRun 10m ago is not due" name="AgentHeartbeat — Offline.Test-TaskDue Schedule Logic.Interval task 30m with lastRun 10m ago is not due" time="0.0098" asserts="0" success="True" result="Success" executed="True" />
                  <test-case description="Interval task with null lastRun is due" name="AgentHeartbeat — Offline.Test-TaskDue Schedule Logic.Interval task with null lastRun is due" time="0.0099" asserts="0" success="True" result="Success" executed="True" />
                  <test-case description="Interval task supports d unit (days)" name="AgentHeartbeat — Offline.Test-TaskDue Schedule Logic.Interval task supports d unit (days)" time="0.0105" asserts="0" success="True" result="Success" executed="True" />
                  <test-case description="Interval task with d unit not yet due" name="AgentHeartbeat — Offline.Test-TaskDue Schedule Logic.Interval task with d unit not yet due" time="0.011" asserts="0" success="True" result="Success" executed="True" />
                  <test-case description="Weekly task on wrong day is not due (after first run)" name="AgentHeartbeat — Offline.Test-TaskDue Schedule Logic.Weekly task on wrong day is not due (after first run)" time="0.0314" asserts="0" success="True" result="Success" executed="True" />
                  <test-case description="Weekly task accepts full day names (Monday, Friday)" name="AgentHeartbeat — Offline.Test-TaskDue Schedule Logic.Weekly task accepts full day names (Monday, Friday)" time="0.0135" asserts="0" success="True" result="Success" executed="True" />
                  <test-case description="Disabled task is never due" name="AgentHeartbeat — Offline.Test-TaskDue Schedule Logic.Disabled task is never due" time="0.0133" asserts="0" success="True" result="Success" executed="True" />
                </results>
              </test-suite>
              <test-suite type="TestFixture" name="AgentHeartbeat — Offline.Day Name Normalization" executed="True" result="Success" success="True" time="1.3327" asserts="0" description="AgentHeartbeat — Offline.Day Name Normalization">
                <results>
                  <test-case description="Normalizes full day names to 3-letter abbreviations" name="AgentHeartbeat — Offline.Day Name Normalization.Normalizes full day names to 3-letter abbreviations" time="0.0116" asserts="0" success="True" result="Success" executed="True" />
                  <test-case description="Passes through already-abbreviated names" name="AgentHeartbeat — Offline.Day Name Normalization.Passes through already-abbreviated names" time="0.0101" asserts="0" success="True" result="Success" executed="True" />
                  <test-case description="Is case-insensitive" name="AgentHeartbeat — Offline.Day Name Normalization.Is case-insensitive" time="0.0092" asserts="0" success="True" result="Success" executed="True" />
                </results>
              </test-suite>
              <test-suite type="TestFixture" name="AgentHeartbeat — Offline.Interval Parsing" executed="True" result="Success" success="True" time="1.408" asserts="0" description="AgentHeartbeat — Offline.Interval Parsing">
                <results>
                  <test-case description="Parses minutes correctly" name="AgentHeartbeat — Offline.Interval Parsing.Parses minutes correctly" time="0.0138" asserts="0" success="True" result="Success" executed="True" />
                  <test-case description="Parses hours correctly" name="AgentHeartbeat — Offline.Interval Parsing.Parses hours correctly" time="0.0102" asserts="0" success="True" result="Success" executed="True" />
                  <test-case description="Parses days correctly" name="AgentHeartbeat — Offline.Interval Parsing.Parses days correctly" time="0.0141" asserts="0" success="True" result="Success" executed="True" />
                  <test-case description="Parses seconds correctly" name="AgentHeartbeat — Offline.Interval Parsing.Parses seconds correctly" time="0.0182" asserts="0" success="True" result="Success" executed="True" />
                  <test-case description="Returns $null for invalid interval" name="AgentHeartbeat — Offline.Interval Parsing.Returns $null for invalid interval" time="0.0127" asserts="0" success="True" result="Success" executed="True" />
                </results>
              </test-suite>
              <test-suite type="TestFixture" name="AgentHeartbeat — Offline.Invoke-AgentHeartbeat (mocked)" executed="True" result="Success" success="True" time="1.5102" asserts="0" description="AgentHeartbeat — Offline.Invoke-AgentHeartbeat (mocked)">
                <results>
                  <test-case description="Returns zero counts when no tasks exist" name="AgentHeartbeat — Offline.Invoke-AgentHeartbeat (mocked).Returns zero counts when no tasks exist" time="0.019" asserts="0" success="True" result="Success" executed="True" />
                  <test-case description="Returns zero TasksRun when no tasks are due" name="AgentHeartbeat — Offline.Invoke-AgentHeartbeat (mocked).Returns zero TasksRun when no tasks are due" time="0.0452" asserts="0" success="True" result="Success" executed="True" />
                  <test-case description="Does not write log when nothing ran" name="AgentHeartbeat — Offline.Invoke-AgentHeartbeat (mocked).Does not write log when nothing ran" time="0.0151" asserts="0" success="True" result="Success" executed="True" />
                </results>
              </test-suite>
            </results>
          </test-suite>
        </results>
      </test-suite>
      <test-suite type="TestFixture" name="C:\Users\georg\Documents\PowerShell\Tests\AgentLoop.Tests.ps1" executed="True" result="Success" success="True" time="0.7863" asserts="0" description="C:\Users\georg\Documents\PowerShell\Tests\AgentLoop.Tests.ps1">
        <results>
          <test-suite type="TestFixture" name="AgentLoop — Offline" executed="True" result="Success" success="True" time="0.4154" asserts="0" description="AgentLoop — Offline">
            <results>
              <test-suite type="TestFixture" name="AgentLoop — Offline.System Prompt Assembly" executed="True" result="Success" success="True" time="0.1405" asserts="0" description="AgentLoop — Offline.System Prompt Assembly">
                <results>
                  <test-case description="Get-AgentSystemPrompt returns a non-empty string" name="AgentLoop — Offline.System Prompt Assembly.Get-AgentSystemPrompt returns a non-empty string" time="0.0533" asserts="0" success="True" result="Success" executed="True" />
                  <test-case description="Prompt contains TOOLS section" name="AgentLoop — Offline.System Prompt Assembly.Prompt contains TOOLS section" time="0.0132" asserts="0" success="True" result="Success" executed="True" />
                  <test-case description="Prompt contains INTENTS section" name="AgentLoop — Offline.System Prompt Assembly.Prompt contains INTENTS section" time="0.0145" asserts="0" success="True" result="Success" executed="True" />
                  <test-case description="Prompt contains RESPONSE FORMAT section" name="AgentLoop — Offline.System Prompt Assembly.Prompt contains RESPONSE FORMAT section" time="0.0098" asserts="0" success="True" result="Success" executed="True" />
                  <test-case description="Prompt lists all registered tools" name="AgentLoop — Offline.System Prompt Assembly.Prompt lists all registered tools" time="0.0132" asserts="0" success="True" result="Success" executed="True" />
                  <test-case description="Working memory appears in prompt when populated" name="AgentLoop — Offline.System Prompt Assembly.Working memory appears in prompt when populated" time="0.0254" asserts="0" success="True" result="Success" executed="True" />
                  <test-case description="Empty memory shows placeholder text" name="AgentLoop — Offline.System Prompt Assembly.Empty memory shows placeholder text" time="0.0083" asserts="0" success="True" result="Success" executed="True" />
                </results>
              </test-suite>
              <test-suite type="TestFixture" name="AgentLoop — Offline.Agent Tool Registry" executed="True" result="Success" success="True" time="0.3373" asserts="0" description="AgentLoop — Offline.Agent Tool Registry">
                <results>
                  <test-case description="AgentTools registry is populated" name="AgentLoop — Offline.Agent Tool Registry.AgentTools registry is populated" time="0.01" asserts="0" success="True" result="Success" executed="True" />
                  <test-case description="Calculator tool is registered" name="AgentLoop — Offline.Agent Tool Registry.Calculator tool is registered" time="0.0098" asserts="0" success="True" result="Success" executed="True" />
                  <test-case description="Store and recall tools exist for working memory" name="AgentLoop — Offline.Agent Tool Registry.Store and recall tools exist for working memory" time="0.0139" asserts="0" success="True" result="Success" executed="True" />
                  <test-case description="Invoke-AgentTool runs calculator correctly" name="AgentLoop — Offline.Agent Tool Registry.Invoke-AgentTool runs calculator correctly" time="0.0486" asserts="0" success="True" result="Success" executed="True" />
                  <test-case description="Invoke-AgentTool runs datetime tool" name="AgentLoop — Offline.Agent Tool Registry.Invoke-AgentTool runs datetime tool" time="0.0677" asserts="0" success="True" result="Success" executed="True" />
                  <test-case description="Invoke-AgentTool store/recall round-trips" name="AgentLoop — Offline.Agent Tool Registry.Invoke-AgentTool store/recall round-trips" time="0.0339" asserts="0" success="True" result="Success" executed="True" />
                  <test-case description="Invoke-AgentTool rejects unknown tool" name="AgentLoop — Offline.Agent Tool Registry.Invoke-AgentTool rejects unknown tool" time="0.0091" asserts="0" success="True" result="Success" executed="True" />
                </results>
              </test-suite>
              <test-suite type="TestFixture" name="AgentLoop — Offline.Agent Configuration" executed="True" result="Success" success="True" time="0.3557" asserts="0" description="AgentLoop — Offline.Agent Configuration">
                <results>
                  <test-case description="AgentMaxSteps is a positive integer" name="AgentLoop — Offline.Agent Configuration.AgentMaxSteps is a positive integer" time="0.0076" asserts="0" success="True" result="Success" executed="True" />
                  <test-case description="AgentMaxTokenBudget is set" name="AgentLoop — Offline.Agent Configuration.AgentMaxTokenBudget is set" time="0.0078" asserts="0" success="True" result="Success" executed="True" />
                </results>
              </test-suite>
              <test-suite type="TestFixture" name="AgentLoop — Offline.Format-AgentObservation" executed="True" result="Success" success="True" time="0.3756" asserts="0" description="AgentLoop — Offline.Format-AgentObservation">
                <results>
                  <test-case description="Produces OBSERVATION format" name="AgentLoop — Offline.Format-AgentObservation.Produces OBSERVATION format" time="0.0144" asserts="0" success="True" result="Success" executed="True" />
                </results>
              </test-suite>
              <test-suite type="TestFixture" name="AgentLoop — Offline.Inspection Functions" executed="True" result="Success" success="True" time="0.4124" asserts="0" description="AgentLoop — Offline.Inspection Functions">
                <results>
                  <test-case description="Show-AgentSteps does not throw with no prior run" name="AgentLoop — Offline.Inspection Functions.Show-AgentSteps does not throw with no prior run" time="0.0127" asserts="0" success="True" result="Success" executed="True" />
                  <test-case description="Show-AgentMemory does not throw with empty memory" name="AgentLoop — Offline.Inspection Functions.Show-AgentMemory does not throw with empty memory" time="0.0108" asserts="0" success="True" result="Success" executed="True" />
                  <test-case description="Show-AgentPlan does not throw with no plan" name="AgentLoop — Offline.Inspection Functions.Show-AgentPlan does not throw with no plan" time="0.0103" asserts="0" success="True" result="Success" executed="True" />
                </results>
              </test-suite>
            </results>
          </test-suite>
        </results>
      </test-suite>
      <test-suite type="TestFixture" name="C:\Users\georg\Documents\PowerShell\Tests\AppBuilder.Tests.ps1" executed="True" result="Success" success="True" time="8.3351" asserts="0" description="C:\Users\georg\Documents\PowerShell\Tests\AppBuilder.Tests.ps1">
        <results>
          <test-suite type="TestFixture" name="AppBuilder — Offline" executed="True" result="Success" success="True" time="3.0284" asserts="0" description="AppBuilder — Offline">
            <results>
              <test-suite type="TestFixture" name="AppBuilder — Offline.Framework Routing (Get-BuildFramework)" executed="True" result="Success" success="True" time="0.1501" asserts="0" description="AppBuilder — Offline.Framework Routing (Get-BuildFramework)">
                <results>
                  <test-case description="Invalid -Framework falls through to keyword detection" name="AppBuilder — Offline.Framework Routing (Get-BuildFramework).Invalid -Framework falls through to keyword detection" time="0.0122" asserts="0" success="True" result="Success" executed="True" />
                  <test-case description="Empty prompt is rejected by Mandatory parameter" name="AppBuilder — Offline.Framework Routing (Get-BuildFramework).Empty prompt is rejected by Mandatory parameter" time="0.0207" asserts="0" success="True" result="Success" executed="True" />
                  <test-case description="Prompt with no framework-specific keywords defaults to powershell" name="AppBuilder — Offline.Framework Routing (Get-BuildFramework).Prompt with no framework-specific keywords defaults to powershell" time="0.0104" asserts="0" success="True" result="Success" executed="True" />
                  <test-case description="Is case-insensitive for keyword matching" name="AppBuilder — Offline.Framework Routing (Get-BuildFramework).Is case-insensitive for keyword matching" time="0.0094" asserts="0" success="True" result="Success" executed="True" />
                  <test-case description="Handles competing keywords by selecting the dominant framework" name="AppBuilder — Offline.Framework Routing (Get-BuildFramework).Handles competing keywords by selecting the dominant framework" time="0.0124" asserts="0" success="True" result="Success" executed="True" />
                  <test-suite type="ParameterizedTest" name="AppBuilder — Offline.Framework Routing (Get-BuildFramework).Routes &quot;&lt;prompt&gt;&quot; to &lt;expected&gt;" executed="True" result="Success" success="True" time="0.0662" asserts="0" description="Routes &quot;&lt;prompt&gt;&quot; to &lt;expected&gt;">
                    <results>
                      <test-case description="Routes &quot;a calculator&quot; to powershell" name="AppBuilder — Offline.Framework Routing (Get-BuildFramework).Routes &quot;a calculator&quot; to powershell" time="0.0154" asserts="0" success="True" result="Success" executed="True" />
                      <test-case description="Routes &quot;a simple notepad app&quot; to powershell" name="AppBuilder — Offline.Framework Routing (Get-BuildFramework).Routes &quot;a simple notepad app&quot; to powershell" time="0.0022" asserts="0" success="True" result="Success" executed="True" />
                      <test-case description="Routes &quot;a file renamer tool&quot; to powershell" name="AppBuilder — Offline.Framework Routing (Get-BuildFramework).Routes &quot;a file renamer tool&quot; to powershell" time="0.0036" asserts="0" success="True" result="Success" executed="True" />
                      <test-case description="Routes &quot;a stopwatch with start and stop&quot; to powershell" name="AppBuilder — Offline.Framework Routing (Get-BuildFramework).Routes &quot;a stopwatch with start and stop&quot; to powershell" time="0.0027" asserts="0" success="True" result="Success" executed="True" />
                      <test-case description="Routes &quot;a tkinter GUI for file management&quot; to python-tk" name="AppBuilder — Offline.Framework Routing (Get-BuildFramework).Routes &quot;a tkinter GUI for file management&quot; to python-tk" time="0.0024" asserts="0" success="True" result="Success" executed="True" />
                      <test-case description="Routes &quot;a python app that shows a timer&quot; to python-tk" name="AppBuilder — Offline.Framework Routing (Get-BuildFramework).Routes &quot;a python app that shows a timer&quot; to python-tk" time="0.0145" asserts="0" success="True" result="Success" executed="True" />
                      <test-case description="Routes &quot;a python GUI sprite editor&quot; to python-tk" name="AppBuilder — Offline.Framework Routing (Get-BuildFramework).Routes &quot;a python GUI sprite editor&quot; to python-tk" time="0.007" asserts="0" success="True" result="Success" executed="True" />
                      <test-case description="Routes &quot;a dashboard with charts and drag drop&quot; to python-web" name="AppBuilder — Offline.Framework Routing (Get-BuildFramework).Routes &quot;a dashboard with charts and drag drop&quot; to python-web" time="0.0063" asserts="0" success="True" result="Success" executed="True" />
                      <test-case description="Routes &quot;a web app with REST API and login&quot; to python-web" name="AppBuilder — Offline.Framework Routing (Get-BuildFramework).Routes &quot;a web app with REST API and login&quot; to python-web" time="0.0034" asserts="0" success="True" result="Success" executed="True" />
                      <test-case description="Routes &quot;a web app with login and database&quot; to python-web" name="AppBuilder — Offline.Framework Routing (Get-BuildFramework).Routes &quot;a web app with login and database&quot; to python-web" time="0.0021" asserts="0" success="True" result="Success" executed="True" />
                      <test-case description="Routes &quot;a tauri app for note taking&quot; to tauri" name="AppBuilder — Offline.Framework Routing (Get-BuildFramework).Routes &quot;a tauri app for note taking&quot; to tauri" time="0.002" asserts="0" success="True" result="Success" executed="True" />
                      <test-case description="Routes &quot;a rust GUI file manager&quot; to tauri" name="AppBuilder — Offline.Framework Routing (Get-BuildFramework).Routes &quot;a rust GUI file manager&quot; to tauri" time="0.0022" asserts="0" success="True" result="Success" executed="True" />
                      <test-case description="Routes &quot;a native web desktop app with rust&quot; to tauri" name="AppBuilder — Offline.Framework Routing (Get-BuildFramework).Routes &quot;a native web desktop app with rust&quot; to tauri" time="0.0023" asserts="0" success="True" result="Success" executed="True" />
                    </results>
                  </test-suite>
                  <test-suite type="ParameterizedTest" name="AppBuilder — Offline.Framework Routing (Get-BuildFramework).Explicit -Framework override wins regardless of keywords" executed="True" result="Success" success="True" time="0.0156" asserts="0" description="Explicit -Framework override wins regardless of keywords">
                    <results>
                      <test-case description="Explicit -Framework override wins regardless of keywords" name="AppBuilder — Offline.Framework Routing (Get-BuildFramework).Explicit -Framework override wins regardless of keywords(&quot;a dashboard with charts&quot;,&quot;python-tk&quot;,&quot;python-tk&quot;)" time="0.0104" asserts="0" success="True" result="Success" executed="True" />
                      <test-case description="Explicit -Framework override wins regardless of keywords" name="AppBuilder — Offline.Framework Routing (Get-BuildFramework).Explicit -Framework override wins regardless of keywords(&quot;a python calculator&quot;,&quot;powershell&quot;,&quot;powershell&quot;)" time="0.0022" asserts="0" success="True" result="Success" executed="True" />
                      <test-case description="Explicit -Framework override wins regardless of keywords" name="AppBuilder — Offline.Framework Routing (Get-BuildFramework).Explicit -Framework override wins regardless of keywords(&quot;a tkinter app&quot;,&quot;python-web&quot;,&quot;python-web&quot;)" time="0.0015" asserts="0" success="True" result="Success" executed="True" />
                      <test-case description="Explicit -Framework override wins regardless of keywords" name="AppBuilder — Offline.Framework Routing (Get-BuildFramework).Explicit -Framework override wins regardless of keywords(&quot;a simple calculator&quot;,&quot;tauri&quot;,&quot;tauri&quot;)" time="0.0016" asserts="0" success="True" result="Success" executed="True" />
                    </results>
                  </test-suite>
                </results>
              </test-suite>
              <test-suite type="TestFixture" name="AppBuilder — Offline.Token Budget (Get-BuildMaxTokens)" executed="True" result="Success" success="True" time="0.2314" asserts="0" description="AppBuilder — Offline.Token Budget (Get-BuildMaxTokens)">
                <results>
                  <test-case description="Returns known output limit for gpt-4o" name="AppBuilder — Offline.Token Budget (Get-BuildMaxTokens).Returns known output limit for gpt-4o" time="0.0135" asserts="0" success="True" result="Success" executed="True" />
                  <test-case description="Returns full 64000 for claude-sonnet-4-6 (uncapped)" name="AppBuilder — Offline.Token Budget (Get-BuildMaxTokens).Returns full 64000 for claude-sonnet-4-6 (uncapped)" time="0.0074" asserts="0" success="True" result="Success" executed="True" />
                  <test-case description="Returns full 128000 for claude-opus-4-6 (uncapped)" name="AppBuilder — Offline.Token Budget (Get-BuildMaxTokens).Returns full 128000 for claude-opus-4-6 (uncapped)" time="0.0068" asserts="0" success="True" result="Success" executed="True" />
                  <test-case description="Returns default 8192 for unknown models" name="AppBuilder — Offline.Token Budget (Get-BuildMaxTokens).Returns default 8192 for unknown models" time="0.0104" asserts="0" success="True" result="Success" executed="True" />
                  <test-case description="Fuzzy matches model names containing known keys" name="AppBuilder — Offline.Token Budget (Get-BuildMaxTokens).Fuzzy matches model names containing known keys" time="0.0074" asserts="0" success="True" result="Success" executed="True" />
                  <test-case description="Override returns the exact value requested" name="AppBuilder — Offline.Token Budget (Get-BuildMaxTokens).Override returns the exact value requested" time="0.0083" asserts="0" success="True" result="Success" executed="True" />
                  <test-case description="Zero override falls back to model lookup" name="AppBuilder — Offline.Token Budget (Get-BuildMaxTokens).Zero override falls back to model lookup" time="0.0065" asserts="0" success="True" result="Success" executed="True" />
                  <test-case description="Negative override falls back to model lookup" name="AppBuilder — Offline.Token Budget (Get-BuildMaxTokens).Negative override falls back to model lookup" time="0.0078" asserts="0" success="True" result="Success" executed="True" />
                  <test-case description="Unknown model returns safe default" name="AppBuilder — Offline.Token Budget (Get-BuildMaxTokens).Unknown model returns safe default" time="0.0081" asserts="0" success="True" result="Success" executed="True" />
                </results>
              </test-suite>
              <test-suite type="TestFixture" name="AppBuilder — Offline.Code Validation (Test-GeneratedCode)" executed="True" result="Success" success="True" time="1.9796" asserts="0" description="AppBuilder — Offline.Code Validation (Test-GeneratedCode)">
                <results>
                  <test-suite type="TestFixture" name="AppBuilder — Offline.Code Validation (Test-GeneratedCode).PowerShell — Valid Code" executed="True" result="Success" success="True" time="0.1098" asserts="0" description="AppBuilder — Offline.Code Validation (Test-GeneratedCode).PowerShell — Valid Code">
                    <results>
                      <test-case description="Accepts syntactically correct PowerShell" name="AppBuilder — Offline.Code Validation (Test-GeneratedCode).PowerShell — Valid Code.Accepts syntactically correct PowerShell" time="0.0589" asserts="0" success="True" result="Success" executed="True" />
                      <test-case description="Accepts multi-line PowerShell with functions" name="AppBuilder — Offline.Code Validation (Test-GeneratedCode).PowerShell — Valid Code.Accepts multi-line PowerShell with functions" time="0.0482" asserts="0" success="True" result="Success" executed="True" />
                    </results>
                  </test-suite>
                  <test-suite type="TestFixture" name="AppBuilder — Offline.Code Validation (Test-GeneratedCode).PowerShell — Syntax Errors" executed="True" result="Success" success="True" time="0.1661" asserts="0" description="AppBuilder — Offline.Code Validation (Test-GeneratedCode).PowerShell — Syntax Errors">
                    <results>
                      <test-case description="Catches unclosed braces" name="AppBuilder — Offline.Code Validation (Test-GeneratedCode).PowerShell — Syntax Errors.Catches unclosed braces" time="0.0319" asserts="0" success="True" result="Success" executed="True" />
                      <test-case description="Catches unclosed strings" name="AppBuilder — Offline.Code Validation (Test-GeneratedCode).PowerShell — Syntax Errors.Catches unclosed strings" time="0.0219" asserts="0" success="True" result="Success" executed="True" />
                    </results>
                  </test-suite>
                  <test-suite type="TestFixture" name="AppBuilder — Offline.Code Validation (Test-GeneratedCode).PowerShell — Dangerous Patterns" executed="True" result="Success" success="True" time="0.5564" asserts="0" description="AppBuilder — Offline.Code Validation (Test-GeneratedCode).PowerShell — Dangerous Patterns">
                    <results>
                      <test-suite type="ParameterizedTest" name="AppBuilder — Offline.Code Validation (Test-GeneratedCode).PowerShell — Dangerous Patterns.Flags &quot;&lt;pattern&gt;&quot; as dangerous" executed="True" result="Success" success="True" time="0.3861" asserts="0" description="Flags &quot;&lt;pattern&gt;&quot; as dangerous">
                        <results>
                          <test-case description="Flags &quot;Invoke-Expression&quot; as dangerous" name="AppBuilder — Offline.Code Validation (Test-GeneratedCode).PowerShell — Dangerous Patterns.Flags &quot;Invoke-Expression&quot; as dangerous" time="0.0258" asserts="0" success="True" result="Success" executed="True" />
                          <test-case description="Flags &quot;iex&quot; as dangerous" name="AppBuilder — Offline.Code Validation (Test-GeneratedCode).PowerShell — Dangerous Patterns.Flags &quot;iex&quot; as dangerous" time="0.3274" asserts="0" success="True" result="Success" executed="True" />
                          <test-case description="Flags &quot;Remove-Item.*-Recurse&quot; as dangerous" name="AppBuilder — Offline.Code Validation (Test-GeneratedCode).PowerShell — Dangerous Patterns.Flags &quot;Remove-Item.*-Recurse&quot; as dangerous" time="0.015" asserts="0" success="True" result="Success" executed="True" />
                          <test-case description="Flags &quot;Start-Process.*-Verb.*RunAs&quot; as dangerous" name="AppBuilder — Offline.Code Validation (Test-GeneratedCode).PowerShell — Dangerous Patterns.Flags &quot;Start-Process.*-Verb.*RunAs&quot; as dangerous" time="0.0178" asserts="0" success="True" result="Success" executed="True" />
                        </results>
                      </test-suite>
                    </results>
                  </test-suite>
                  <test-suite type="TestFixture" name="AppBuilder — Offline.Code Validation (Test-GeneratedCode).Python — Dangerous Patterns (hard errors)" executed="True" result="Success" success="True" time="0.9702" asserts="0" description="AppBuilder — Offline.Code Validation (Test-GeneratedCode).Python — Dangerous Patterns (hard errors)">
                    <results>
                      <test-suite type="ParameterizedTest" name="AppBuilder — Offline.Code Validation (Test-GeneratedCode).Python — Dangerous Patterns (hard errors).Flags &quot;&lt;pattern&gt;&quot; as dangerous" executed="True" result="Success" success="True" time="0.4106" asserts="0" description="Flags &quot;&lt;pattern&gt;&quot; as dangerous">
                        <results>
                          <test-case description="Flags &quot;eval&quot; as dangerous" name="AppBuilder — Offline.Code Validation (Test-GeneratedCode).Python — Dangerous Patterns (hard errors).Flags &quot;eval&quot; as dangerous" time="0.1229" asserts="0" success="True" result="Success" executed="True" />
                          <test-case description="Flags &quot;exec&quot; as dangerous" name="AppBuilder — Offline.Code Validation (Test-GeneratedCode).Python — Dangerous Patterns (hard errors).Flags &quot;exec&quot; as dangerous" time="0.0897" asserts="0" success="True" result="Success" executed="True" />
                          <test-case description="Flags &quot;__import__&quot; as dangerous" name="AppBuilder — Offline.Code Validation (Test-GeneratedCode).Python — Dangerous Patterns (hard errors).Flags &quot;__import__&quot; as dangerous" time="0.1128" asserts="0" success="True" result="Success" executed="True" />
                          <test-case description="Flags &quot;shell injection&quot; as dangerous" name="AppBuilder — Offline.Code Validation (Test-GeneratedCode).Python — Dangerous Patterns (hard errors).Flags &quot;shell injection&quot; as dangerous" time="0.0853" asserts="0" success="True" result="Success" executed="True" />
                        </results>
                      </test-suite>
                    </results>
                  </test-suite>
                  <test-suite type="TestFixture" name="AppBuilder — Offline.Code Validation (Test-GeneratedCode).Python — Warning Patterns (non-blocking)" executed="True" result="Success" success="True" time="1.2404" asserts="0" description="AppBuilder — Offline.Code Validation (Test-GeneratedCode).Python — Warning Patterns (non-blocking)">
                    <results>
                      <test-suite type="ParameterizedTest" name="AppBuilder — Offline.Code Validation (Test-GeneratedCode).Python — Warning Patterns (non-blocking).Does NOT hard-fail on &quot;&lt;pattern&gt;&quot; (warning only)" executed="True" result="Success" success="True" time="0.2665" asserts="0" description="Does NOT hard-fail on &quot;&lt;pattern&gt;&quot; (warning only)">
                        <results>
                          <test-case description="Does NOT hard-fail on &quot;os\.system&quot; (warning only)" name="AppBuilder — Offline.Code Validation (Test-GeneratedCode).Python — Warning Patterns (non-blocking).Does NOT hard-fail on &quot;os\.system&quot; (warning only)" time="0.0921" asserts="0" success="True" result="Success" executed="True" />
                          <test-case description="Does NOT hard-fail on &quot;subprocess&quot; (warning only)" name="AppBuilder — Offline.Code Validation (Test-GeneratedCode).Python — Warning Patterns (non-blocking).Does NOT hard-fail on &quot;subprocess&quot; (warning only)" time="0.089" asserts="0" success="True" result="Success" executed="True" />
                          <test-case description="Does NOT hard-fail on &quot;os\.popen&quot; (warning only)" name="AppBuilder — Offline.Code Validation (Test-GeneratedCode).Python — Warning Patterns (non-blocking).Does NOT hard-fail on &quot;os\.popen&quot; (warning only)" time="0.0855" asserts="0" success="True" result="Success" executed="True" />
                        </results>
                      </test-suite>
                    </results>
                  </test-suite>
                  <test-suite type="TestFixture" name="AppBuilder — Offline.Code Validation (Test-GeneratedCode).Multi-File Validation" executed="True" result="Success" success="True" time="1.3088" asserts="0" description="AppBuilder — Offline.Code Validation (Test-GeneratedCode).Multi-File Validation">
                    <results>
                      <test-case description="Fails if any file in a multi-file set has errors" name="AppBuilder — Offline.Code Validation (Test-GeneratedCode).Multi-File Validation.Fails if any file in a multi-file set has errors" time="0.036" asserts="0" success="True" result="Success" executed="True" />
                      <test-case description="Passes when all files in a multi-file set are clean" name="AppBuilder — Offline.Code Validation (Test-GeneratedCode).Multi-File Validation.Passes when all files in a multi-file set are clean" time="0.0295" asserts="0" success="True" result="Success" executed="True" />
                    </results>
                  </test-suite>
                  <test-suite type="TestFixture" name="AppBuilder — Offline.Code Validation (Test-GeneratedCode).PowerShell — PS7+ Operator Compatibility" executed="True" result="Success" success="True" time="1.5145" asserts="0" description="AppBuilder — Offline.Code Validation (Test-GeneratedCode).PowerShell — PS7+ Operator Compatibility">
                    <results>
                      <test-case description="Flags ?? null-coalescing operator" name="AppBuilder — Offline.Code Validation (Test-GeneratedCode).PowerShell — PS7+ Operator Compatibility.Flags ?? null-coalescing operator" time="0.0216" asserts="0" success="True" result="Success" executed="True" />
                      <test-case description="Flags ?. null-conditional operator" name="AppBuilder — Offline.Code Validation (Test-GeneratedCode).PowerShell — PS7+ Operator Compatibility.Flags ?. null-conditional operator" time="0.0221" asserts="0" success="True" result="Success" executed="True" />
                      <test-case description="Flags ?[] null-conditional index operator" name="AppBuilder — Offline.Code Validation (Test-GeneratedCode).PowerShell — PS7+ Operator Compatibility.Flags ?[] null-conditional index operator" time="0.0205" asserts="0" success="True" result="Success" executed="True" />
                      <test-case description="Does NOT flag ?? in Python code" name="AppBuilder — Offline.Code Validation (Test-GeneratedCode).PowerShell — PS7+ Operator Compatibility.Does NOT flag ?? in Python code" time="0.0932" asserts="0" success="True" result="Success" executed="True" />
                      <test-case description="Does NOT flag ? in ternary or help contexts" name="AppBuilder — Offline.Code Validation (Test-GeneratedCode).PowerShell — PS7+ Operator Compatibility.Does NOT flag ? in ternary or help contexts" time="0.0234" asserts="0" success="True" result="Success" executed="True" />
                      <test-case description="Accepts PS 5.1 compatible null-check pattern" name="AppBuilder — Offline.Code Validation (Test-GeneratedCode).PowerShell — PS7+ Operator Compatibility.Accepts PS 5.1 compatible null-check pattern" time="0.0219" asserts="0" success="True" result="Success" executed="True" />
                    </results>
                  </test-suite>
                  <test-suite type="TestFixture" name="AppBuilder — Offline.Code Validation (Test-GeneratedCode).Tauri — Rust Validation" executed="True" result="Success" success="True" time="1.6794" asserts="0" description="AppBuilder — Offline.Code Validation (Test-GeneratedCode).Tauri — Rust Validation">
                    <results>
                      <test-case description="Accepts valid Rust code" name="AppBuilder — Offline.Code Validation (Test-GeneratedCode).Tauri — Rust Validation.Accepts valid Rust code" time="0.0546" asserts="0" success="True" result="Success" executed="True" />
                      <test-case description="Flags missing Cargo.toml" name="AppBuilder — Offline.Code Validation (Test-GeneratedCode).Tauri — Rust Validation.Flags missing Cargo.toml" time="0.0139" asserts="0" success="True" result="Success" executed="True" />
                      <test-case description="Flags missing main.rs" name="AppBuilder — Offline.Code Validation (Test-GeneratedCode).Tauri — Rust Validation.Flags missing main.rs" time="0.0239" asserts="0" success="True" result="Success" executed="True" />
                      <test-case description="Flags [lib] without lib.rs" name="AppBuilder — Offline.Code Validation (Test-GeneratedCode).Tauri — Rust Validation.Flags [lib] without lib.rs" time="0.0307" asserts="0" success="True" result="Success" executed="True" />
                      <test-case description="Flags unbalanced braces in Rust" name="AppBuilder — Offline.Code Validation (Test-GeneratedCode).Tauri — Rust Validation.Flags unbalanced braces in Rust" time="0.0272" asserts="0" success="True" result="Success" executed="True" />
                    </results>
                  </test-suite>
                  <test-suite type="TestFixture" name="AppBuilder — Offline.Code Validation (Test-GeneratedCode).Edge Cases" executed="True" result="Success" success="True" time="1.7456" asserts="0" description="AppBuilder — Offline.Code Validation (Test-GeneratedCode).Edge Cases">
                    <results>
                      <test-case description="Handles empty code gracefully" name="AppBuilder — Offline.Code Validation (Test-GeneratedCode).Edge Cases.Handles empty code gracefully" time="0.0203" asserts="0" success="True" result="Success" executed="True" />
                      <test-case description="Handles whitespace-only code gracefully" name="AppBuilder — Offline.Code Validation (Test-GeneratedCode).Edge Cases.Handles whitespace-only code gracefully" time="0.0238" asserts="0" success="True" result="Success" executed="True" />
                      <test-case description="Handles an empty file map gracefully" name="AppBuilder — Offline.Code Validation (Test-GeneratedCode).Edge Cases.Handles an empty file map gracefully" time="0.0151" asserts="0" success="True" result="Success" executed="True" />
                    </results>
                  </test-suite>
                </results>
              </test-suite>
              <test-suite type="TestFixture" name="AppBuilder — Offline.Branding Injection (Invoke-BildsyPSBranding)" executed="True" result="Success" success="True" time="2.189" asserts="0" description="AppBuilder — Offline.Branding Injection (Invoke-BildsyPSBranding)">
                <results>
                  <test-suite type="TestFixture" name="AppBuilder — Offline.Branding Injection (Invoke-BildsyPSBranding).PowerShell Branding" executed="True" result="Success" success="True" time="0.0504" asserts="0" description="AppBuilder — Offline.Branding Injection (Invoke-BildsyPSBranding).PowerShell Branding">
                    <results>
                      <test-case description="Injects branding into a PowerShell file that lacks it" name="AppBuilder — Offline.Branding Injection (Invoke-BildsyPSBranding).PowerShell Branding.Injects branding into a PowerShell file that lacks it" time="0.0339" asserts="0" success="True" result="Success" executed="True" />
                      <test-case description="Does not double-inject when branding already exists" name="AppBuilder — Offline.Branding Injection (Invoke-BildsyPSBranding).PowerShell Branding.Does not double-inject when branding already exists" time="0.0133" asserts="0" success="True" result="Success" executed="True" />
                    </results>
                  </test-suite>
                  <test-suite type="TestFixture" name="AppBuilder — Offline.Branding Injection (Invoke-BildsyPSBranding).Python-Web Branding" executed="True" result="Success" success="True" time="0.08" asserts="0" description="AppBuilder — Offline.Branding Injection (Invoke-BildsyPSBranding).Python-Web Branding">
                    <results>
                      <test-case description="Injects footer into HTML file" name="AppBuilder — Offline.Branding Injection (Invoke-BildsyPSBranding).Python-Web Branding.Injects footer into HTML file" time="0.0162" asserts="0" success="True" result="Success" executed="True" />
                      <test-case description="Injects into HTML but not into Python server file" name="AppBuilder — Offline.Branding Injection (Invoke-BildsyPSBranding).Python-Web Branding.Injects into HTML but not into Python server file" time="0.0107" asserts="0" success="True" result="Success" executed="True" />
                    </results>
                  </test-suite>
                  <test-suite type="TestFixture" name="AppBuilder — Offline.Branding Injection (Invoke-BildsyPSBranding).Python-Tk Branding" executed="True" result="Success" success="True" time="0.0954" asserts="0" description="AppBuilder — Offline.Branding Injection (Invoke-BildsyPSBranding).Python-Tk Branding">
                    <results>
                      <test-case description="Injects about function into tkinter code" name="AppBuilder — Offline.Branding Injection (Invoke-BildsyPSBranding).Python-Tk Branding.Injects about function into tkinter code" time="0.0128" asserts="0" success="True" result="Success" executed="True" />
                    </results>
                  </test-suite>
                  <test-suite type="TestFixture" name="AppBuilder — Offline.Branding Injection (Invoke-BildsyPSBranding).Tauri Branding" executed="True" result="Success" success="True" time="0.1323" asserts="0" description="AppBuilder — Offline.Branding Injection (Invoke-BildsyPSBranding).Tauri Branding">
                    <results>
                      <test-case description="Injects footer into Tauri HTML file" name="AppBuilder — Offline.Branding Injection (Invoke-BildsyPSBranding).Tauri Branding.Injects footer into Tauri HTML file" time="0.0117" asserts="0" success="True" result="Success" executed="True" />
                      <test-case description="Does not double-inject when branding already exists" name="AppBuilder — Offline.Branding Injection (Invoke-BildsyPSBranding).Tauri Branding.Does not double-inject when branding already exists" time="0.0107" asserts="0" success="True" result="Success" executed="True" />
                      <test-case description="NoBranding flag skips injection for tauri" name="AppBuilder — Offline.Branding Injection (Invoke-BildsyPSBranding).Tauri Branding.NoBranding flag skips injection for tauri" time="0.0118" asserts="0" success="True" result="Success" executed="True" />
                    </results>
                  </test-suite>
                  <test-suite type="TestFixture" name="AppBuilder — Offline.Branding Injection (Invoke-BildsyPSBranding).NoBranding Flag" executed="True" result="Success" success="True" time="0.1757" asserts="0" description="AppBuilder — Offline.Branding Injection (Invoke-BildsyPSBranding).NoBranding Flag">
                    <results>
                      <test-case description="Skips injection entirely for PowerShell" name="AppBuilder — Offline.Branding Injection (Invoke-BildsyPSBranding).NoBranding Flag.Skips injection entirely for PowerShell" time="0.0117" asserts="0" success="True" result="Success" executed="True" />
                      <test-case description="Skips injection entirely for python-web" name="AppBuilder — Offline.Branding Injection (Invoke-BildsyPSBranding).NoBranding Flag.Skips injection entirely for python-web" time="0.0137" asserts="0" success="True" result="Success" executed="True" />
                      <test-case description="Skips injection entirely for python-tk" name="AppBuilder — Offline.Branding Injection (Invoke-BildsyPSBranding).NoBranding Flag.Skips injection entirely for python-tk" time="0.0143" asserts="0" success="True" result="Success" executed="True" />
                    </results>
                  </test-suite>
                  <test-suite type="TestFixture" name="AppBuilder — Offline.Branding Injection (Invoke-BildsyPSBranding).Edge Cases" executed="True" result="Success" success="True" time="0.2064" asserts="0" description="AppBuilder — Offline.Branding Injection (Invoke-BildsyPSBranding).Edge Cases">
                    <results>
                      <test-case description="Returns files unchanged when file map is empty" name="AppBuilder — Offline.Branding Injection (Invoke-BildsyPSBranding).Edge Cases.Returns files unchanged when file map is empty" time="0.0157" asserts="0" success="True" result="Success" executed="True" />
                      <test-case description="Preserves all original files in the returned map" name="AppBuilder — Offline.Branding Injection (Invoke-BildsyPSBranding).Edge Cases.Preserves all original files in the returned map" time="0.0116" asserts="0" success="True" result="Success" executed="True" />
                    </results>
                  </test-suite>
                </results>
              </test-suite>
              <test-suite type="TestFixture" name="AppBuilder — Offline.Build Tracking (SQLite)" executed="True" result="Success" success="True" time="2.4155" asserts="0" description="AppBuilder — Offline.Build Tracking (SQLite)">
                <results>
                  <test-case description="Initialize-BuildsTable creates the table" name="AppBuilder — Offline.Build Tracking (SQLite).Initialize-BuildsTable creates the table" time="0.0125" asserts="0" success="True" result="Success" executed="True" />
                  <test-case description="Save-BuildRecord persists all fields correctly" name="AppBuilder — Offline.Build Tracking (SQLite).Save-BuildRecord persists all fields correctly" time="0.0472" asserts="0" success="True" result="Success" executed="True" />
                  <test-case description="Save-BuildRecord appends multiple records with the same name" name="AppBuilder — Offline.Build Tracking (SQLite).Save-BuildRecord appends multiple records with the same name" time="0.0261" asserts="0" success="True" result="Success" executed="True" />
                  <test-case description="Get-AppBuilds returns saved records" name="AppBuilder — Offline.Build Tracking (SQLite).Get-AppBuilds returns saved records" time="0.049" asserts="0" success="True" result="Success" executed="True" />
                  <test-case description="Remove-AppBuild clears the record from the database" name="AppBuilder — Offline.Build Tracking (SQLite).Remove-AppBuild clears the record from the database" time="0.0306" asserts="0" success="True" result="Success" executed="True" />
                  <test-case description="Remove-AppBuild does not throw for a nonexistent record" name="AppBuilder — Offline.Build Tracking (SQLite).Remove-AppBuild does not throw for a nonexistent record" time="0.0176" asserts="0" success="True" result="Success" executed="True" />
                  <test-case description="Save-BuildRecord with failed status persists correctly" name="AppBuilder — Offline.Build Tracking (SQLite).Save-BuildRecord with failed status persists correctly" time="0.0197" asserts="0" success="True" result="Success" executed="True" />
                </results>
              </test-suite>
              <test-suite type="TestFixture" name="AppBuilder — Offline.Build Failure Handling" executed="True" result="Success" success="True" time="2.453" asserts="0" description="AppBuilder — Offline.Build Failure Handling">
                <results>
                  <test-case description="Returns failure result for an empty prompt without throwing" name="AppBuilder — Offline.Build Failure Handling.Returns failure result for an empty prompt without throwing" time="0.0208" asserts="0" success="True" result="Success" executed="True" />
                  <test-case description="Returns failure result for a whitespace-only prompt without throwing" name="AppBuilder — Offline.Build Failure Handling.Returns failure result for a whitespace-only prompt without throwing" time="0.0086" asserts="0" success="True" result="Success" executed="True" />
                </results>
              </test-suite>
              <test-suite type="TestFixture" name="AppBuilder — Offline.Truncation Guard (Invoke-CodeGeneration)" executed="True" result="Success" success="True" time="2.986" asserts="0" description="AppBuilder — Offline.Truncation Guard (Invoke-CodeGeneration)">
                <results>
                  <test-case description="Returns failure with StopReason when response is truncated (max_tokens)" name="AppBuilder — Offline.Truncation Guard (Invoke-CodeGeneration).Returns failure with StopReason when response is truncated (max_tokens)" time="0.4288" asserts="0" success="True" result="Success" executed="True" />
                  <test-case description="Returns failure with StopReason when response has length stop reason" name="AppBuilder — Offline.Truncation Guard (Invoke-CodeGeneration).Returns failure with StopReason when response has length stop reason" time="0.0484" asserts="0" success="True" result="Success" executed="True" />
                  <test-case description="Proceeds normally when StopReason is stop (not truncated)" name="AppBuilder — Offline.Truncation Guard (Invoke-CodeGeneration).Proceeds normally when StopReason is stop (not truncated)" time="0.053" asserts="0" success="True" result="Success" executed="True" />
                </results>
              </test-suite>
              <test-suite type="TestFixture" name="AppBuilder — Offline.Build Name Sanitization" executed="True" result="Success" success="True" time="3.0259" asserts="0" description="AppBuilder — Offline.Build Name Sanitization">
                <results>
                  <test-case description="Strips invalid filesystem characters from build names" name="AppBuilder — Offline.Build Name Sanitization.Strips invalid filesystem characters from build names" time="0.0164" asserts="0" success="True" result="Success" executed="True" />
                  <test-case description="Trims leading and trailing whitespace" name="AppBuilder — Offline.Build Name Sanitization.Trims leading and trailing whitespace" time="0.0078" asserts="0" success="True" result="Success" executed="True" />
                  <test-case description="Handles empty name without throwing" name="AppBuilder — Offline.Build Name Sanitization.Handles empty name without throwing" time="0.0097" asserts="0" success="True" result="Success" executed="True" />
                </results>
              </test-suite>
            </results>
          </test-suite>
          <test-suite type="TestFixture" name="AppBuilder — Pipeline v2" executed="True" result="Success" success="True" time="4.0457" asserts="0" description="AppBuilder — Pipeline v2">
            <results>
              <test-suite type="TestFixture" name="AppBuilder — Pipeline v2.Framework Routing — powershell-module" executed="True" result="Success" success="True" time="0.0668" asserts="0" description="AppBuilder — Pipeline v2.Framework Routing — powershell-module">
                <results>
                  <test-case description="Explicit -Framework powershell-module override works" name="AppBuilder — Pipeline v2.Framework Routing — powershell-module.Explicit -Framework powershell-module override works" time="0.0073" asserts="0" success="True" result="Success" executed="True" />
                  <test-case description="Does not route generic app prompts to powershell-module" name="AppBuilder — Pipeline v2.Framework Routing — powershell-module.Does not route generic app prompts to powershell-module" time="0.009" asserts="0" success="True" result="Success" executed="True" />
                  <test-suite type="ParameterizedTest" name="AppBuilder — Pipeline v2.Framework Routing — powershell-module.Routes &quot;&lt;prompt&gt;&quot; to powershell-module" executed="True" result="Success" success="True" time="0.0475" asserts="0" description="Routes &quot;&lt;prompt&gt;&quot; to powershell-module">
                    <results>
                      <test-case description="Routes &quot;a powershell module for log parsing&quot; to powershell-module" name="AppBuilder — Pipeline v2.Framework Routing — powershell-module.Routes &quot;a powershell module for log parsing&quot; to powershell-module" time="0.0175" asserts="0" success="True" result="Success" executed="True" />
                      <test-case description="Routes &quot;create a ps module for Azure backups&quot; to powershell-module" name="AppBuilder — Pipeline v2.Framework Routing — powershell-module.Routes &quot;create a ps module for Azure backups&quot; to powershell-module" time="0.0029" asserts="0" success="True" result="Success" executed="True" />
                      <test-case description="Routes &quot;build a cmdlet collection for file management&quot; to powershell-module" name="AppBuilder — Pipeline v2.Framework Routing — powershell-module.Routes &quot;build a cmdlet collection for file management&quot; to powershell-module" time="0.002" asserts="0" success="True" result="Success" executed="True" />
                      <test-case description="Routes &quot;an automation module for CI/CD&quot; to powershell-module" name="AppBuilder — Pipeline v2.Framework Routing — powershell-module.Routes &quot;an automation module for CI/CD&quot; to powershell-module" time="0.0231" asserts="0" success="True" result="Success" executed="True" />
                      <test-case description="Routes &quot;a profile module for my powershell setup&quot; to powershell-module" name="AppBuilder — Pipeline v2.Framework Routing — powershell-module.Routes &quot;a profile module for my powershell setup&quot; to powershell-module" time="0.0018" asserts="0" success="True" result="Success" executed="True" />
                    </results>
                  </test-suite>
                </results>
              </test-suite>
              <test-suite type="TestFixture" name="AppBuilder — Pipeline v2.Tauri HTML Validation" executed="True" result="Success" success="True" time="0.2357" asserts="0" description="AppBuilder — Pipeline v2.Tauri HTML Validation">
                <results>
                  <test-case description="Flags missing DOCTYPE in Tauri HTML" name="AppBuilder — Pipeline v2.Tauri HTML Validation.Flags missing DOCTYPE in Tauri HTML" time="0.0151" asserts="0" success="True" result="Success" executed="True" />
                  <test-case description="Flags missing  in Tauri HTML" name="AppBuilder — Pipeline v2.Tauri HTML Validation.Flags missing  in Tauri HTML" time="0.0203" asserts="0" success="True" result="Success" executed="True" />
                  <test-case description="Flags missing  in Tauri HTML" name="AppBuilder — Pipeline v2.Tauri HTML Validation.Flags missing  in Tauri HTML" time="0.0253" asserts="0" success="True" result="Success" executed="True" />
                  <test-case description="Flags external script sources in Tauri HTML" name="AppBuilder — Pipeline v2.Tauri HTML Validation.Flags external script sources in Tauri HTML" time="0.0261" asserts="0" success="True" result="Success" executed="True" />
                  <test-case description="Flags external link sources in Tauri HTML" name="AppBuilder — Pipeline v2.Tauri HTML Validation.Flags external link sources in Tauri HTML" time="0.0276" asserts="0" success="True" result="Success" executed="True" />
                  <test-case description="Passes valid self-contained Tauri HTML" name="AppBuilder — Pipeline v2.Tauri HTML Validation.Passes valid self-contained Tauri HTML" time="0.0327" asserts="0" success="True" result="Success" executed="True" />
                  <test-case description="Does NOT apply HTML checks to non-Tauri frameworks" name="AppBuilder — Pipeline v2.Tauri HTML Validation.Does NOT apply HTML checks to non-Tauri frameworks" time="0.0187" asserts="0" success="True" result="Success" executed="True" />
                </results>
              </test-suite>
              <test-suite type="TestFixture" name="AppBuilder — Pipeline v2.Tauri JS Security Validation" executed="True" result="Success" success="True" time="0.4226" asserts="0" description="AppBuilder — Pipeline v2.Tauri JS Security Validation">
                <results>
                  <test-case description="Flags eval() in Tauri JS files" name="AppBuilder — Pipeline v2.Tauri JS Security Validation.Flags eval() in Tauri JS files" time="0.0172" asserts="0" success="True" result="Success" executed="True" />
                  <test-case description="Flags innerHTML assigned from bare variable in Tauri JS" name="AppBuilder — Pipeline v2.Tauri JS Security Validation.Flags innerHTML assigned from bare variable in Tauri JS" time="0.0178" asserts="0" success="True" result="Success" executed="True" />
                  <test-case description="Allows innerHTML with string literal in Tauri JS" name="AppBuilder — Pipeline v2.Tauri JS Security Validation.Allows innerHTML with string literal in Tauri JS" time="0.0303" asserts="0" success="True" result="Success" executed="True" />
                  <test-case description="Allows innerHTML with template literal in Tauri JS" name="AppBuilder — Pipeline v2.Tauri JS Security Validation.Allows innerHTML with template literal in Tauri JS" time="0.0323" asserts="0" success="True" result="Success" executed="True" />
                  <test-case description="Flags document.write in Tauri JS" name="AppBuilder — Pipeline v2.Tauri JS Security Validation.Flags document.write in Tauri JS" time="0.0174" asserts="0" success="True" result="Success" executed="True" />
                  <test-case description="Flags new Function() in Tauri JS" name="AppBuilder — Pipeline v2.Tauri JS Security Validation.Flags new Function() in Tauri JS" time="0.0198" asserts="0" success="True" result="Success" executed="True" />
                  <test-case description="Passes clean Tauri JS" name="AppBuilder — Pipeline v2.Tauri JS Security Validation.Passes clean Tauri JS" time="0.0326" asserts="0" success="True" result="Success" executed="True" />
                  <test-case description="Does NOT apply JS security checks to non-Tauri frameworks" name="AppBuilder — Pipeline v2.Tauri JS Security Validation.Does NOT apply JS security checks to non-Tauri frameworks" time="0.0168" asserts="0" success="True" result="Success" executed="True" />
                </results>
              </test-suite>
              <test-suite type="TestFixture" name="AppBuilder — Pipeline v2.PowerShell Module Validators" executed="True" result="Success" success="True" time="0.6914" asserts="0" description="AppBuilder — Pipeline v2.PowerShell Module Validators">
                <results>
                  <test-case description="Flags unapproved verb in module function" name="AppBuilder — Pipeline v2.PowerShell Module Validators.Flags unapproved verb in module function" time="0.0394" asserts="0" success="True" result="Success" executed="True" />
                  <test-case description="Passes approved verb-noun function names" name="AppBuilder — Pipeline v2.PowerShell Module Validators.Passes approved verb-noun function names" time="0.0222" asserts="0" success="True" result="Success" executed="True" />
                  <test-case description="Flags missing ModuleVersion in manifest" name="AppBuilder — Pipeline v2.PowerShell Module Validators.Flags missing ModuleVersion in manifest" time="0.0263" asserts="0" success="True" result="Success" executed="True" />
                  <test-case description="Flags missing FunctionsToExport in manifest" name="AppBuilder — Pipeline v2.PowerShell Module Validators.Flags missing FunctionsToExport in manifest" time="0.0326" asserts="0" success="True" result="Success" executed="True" />
                  <test-case description="Flags module with no exported functions" name="AppBuilder — Pipeline v2.PowerShell Module Validators.Flags module with no exported functions" time="0.0199" asserts="0" success="True" result="Success" executed="True" />
                  <test-case description="Flags New-Object -ComObject in modules" name="AppBuilder — Pipeline v2.PowerShell Module Validators.Flags New-Object -ComObject in modules" time="0.0251" asserts="0" success="True" result="Success" executed="True" />
                  <test-case description="Flags remote WMI queries in modules" name="AppBuilder — Pipeline v2.PowerShell Module Validators.Flags remote WMI queries in modules" time="0.0325" asserts="0" success="True" result="Success" executed="True" />
                  <test-case description="Flags network listeners in modules" name="AppBuilder — Pipeline v2.PowerShell Module Validators.Flags network listeners in modules" time="0.0283" asserts="0" success="True" result="Success" executed="True" />
                  <test-case description="Passes a complete well-formed module" name="AppBuilder — Pipeline v2.PowerShell Module Validators.Passes a complete well-formed module" time="0.0396" asserts="0" success="True" result="Success" executed="True" />
                </results>
              </test-suite>
              <test-suite type="TestFixture" name="AppBuilder — Pipeline v2.PowerShell Module Branding" executed="True" result="Success" success="True" time="0.7389" asserts="0" description="AppBuilder — Pipeline v2.PowerShell Module Branding">
                <results>
                  <test-case description="Injects attribution header into .psm1" name="AppBuilder — Pipeline v2.PowerShell Module Branding.Injects attribution header into .psm1" time="0.0209" asserts="0" success="True" result="Success" executed="True" />
                  <test-case description="Does not double-inject attribution" name="AppBuilder — Pipeline v2.PowerShell Module Branding.Does not double-inject attribution" time="0.0117" asserts="0" success="True" result="Success" executed="True" />
                  <test-case description="NoBranding strips attribution from module" name="AppBuilder — Pipeline v2.PowerShell Module Branding.NoBranding strips attribution from module" time="0.0119" asserts="0" success="True" result="Success" executed="True" />
                </results>
              </test-suite>
              <test-suite type="TestFixture" name="AppBuilder — Pipeline v2.Build Memory" executed="True" result="Success" success="True" time="0.8596" asserts="0" description="AppBuilder — Pipeline v2.Build Memory">
                <results>
                  <test-case description="Initialize-BuildMemoryTable creates the table" name="AppBuilder — Pipeline v2.Build Memory.Initialize-BuildMemoryTable creates the table" time="0.0091" asserts="0" success="True" result="Success" executed="True" />
                  <test-case description="Save-BuildConstraint stores a new constraint" name="AppBuilder — Pipeline v2.Build Memory.Save-BuildConstraint stores a new constraint" time="0.0301" asserts="0" success="True" result="Success" executed="True" />
                  <test-case description="Save-BuildConstraint increments hit_count on duplicate" name="AppBuilder — Pipeline v2.Build Memory.Save-BuildConstraint increments hit_count on duplicate" time="0.0229" asserts="0" success="True" result="Success" executed="True" />
                  <test-case description="Get-BuildConstraints retrieves stored constraints" name="AppBuilder — Pipeline v2.Build Memory.Get-BuildConstraints retrieves stored constraints" time="0.0292" asserts="0" success="True" result="Success" executed="True" />
                  <test-case description="Get-BuildConstraints returns empty for unknown framework" name="AppBuilder — Pipeline v2.Build Memory.Get-BuildConstraints returns empty for unknown framework" time="0.0102" asserts="0" success="True" result="Success" executed="True" />
                </results>
              </test-suite>
              <test-suite type="TestFixture" name="AppBuilder — Pipeline v2.Error Categorizer (ConvertTo-BuildConstraint)" executed="True" result="Success" success="True" time="0.9268" asserts="0" description="AppBuilder — Pipeline v2.Error Categorizer (ConvertTo-BuildConstraint)">
                <results>
                  <test-case description="Categorizes PowerShell variable scope error" name="AppBuilder — Pipeline v2.Error Categorizer (ConvertTo-BuildConstraint).Categorizes PowerShell variable scope error" time="0.0105" asserts="0" success="True" result="Success" executed="True" />
                  <test-case description="Categorizes PowerShell null-coalescing error" name="AppBuilder — Pipeline v2.Error Categorizer (ConvertTo-BuildConstraint).Categorizes PowerShell null-coalescing error" time="0.0109" asserts="0" success="True" result="Success" executed="True" />
                  <test-case description="Categorizes Tauri unresolved import error" name="AppBuilder — Pipeline v2.Error Categorizer (ConvertTo-BuildConstraint).Categorizes Tauri unresolved import error" time="0.008" asserts="0" success="True" result="Success" executed="True" />
                  <test-case description="Categorizes Tauri borrow checker error" name="AppBuilder — Pipeline v2.Error Categorizer (ConvertTo-BuildConstraint).Categorizes Tauri borrow checker error" time="0.0088" asserts="0" success="True" result="Success" executed="True" />
                  <test-case description="Categorizes Python import error" name="AppBuilder — Pipeline v2.Error Categorizer (ConvertTo-BuildConstraint).Categorizes Python import error" time="0.0112" asserts="0" success="True" result="Success" executed="True" />
                  <test-case description="Returns generic fallback for unknown errors" name="AppBuilder — Pipeline v2.Error Categorizer (ConvertTo-BuildConstraint).Returns generic fallback for unknown errors" time="0.0145" asserts="0" success="True" result="Success" executed="True" />
                </results>
              </test-suite>
              <test-suite type="TestFixture" name="AppBuilder — Pipeline v2.Planning Agent Threshold" executed="True" result="Success" success="True" time="0.9698" asserts="0" description="AppBuilder — Pipeline v2.Planning Agent Threshold">
                <results>
                  <test-case description="Skips planning for short specs (≤150 words)" name="AppBuilder — Pipeline v2.Planning Agent Threshold.Skips planning for short specs (≤150 words)" time="0.012" asserts="0" success="True" result="Success" executed="True" />
                  <test-case description="Would trigger planning for long specs (&gt;150 words)" name="AppBuilder — Pipeline v2.Planning Agent Threshold.Would trigger planning for long specs (&gt;150 words)" time="0.0281" asserts="0" success="True" result="Success" executed="True" />
                </results>
              </test-suite>
              <test-suite type="TestFixture" name="AppBuilder — Pipeline v2.Theme Preset Colors" executed="True" result="Success" success="True" time="0.9845" asserts="0" description="AppBuilder — Pipeline v2.Theme Preset Colors">
                <results>
                  <test-case description="Dark theme accent is Bildsy blue (#4A90E2) not purple" name="AppBuilder — Pipeline v2.Theme Preset Colors.Dark theme accent is Bildsy blue (#4A90E2) not purple" time="0.0122" asserts="0" success="True" result="Success" executed="True" />
                </results>
              </test-suite>
              <test-suite type="TestFixture" name="AppBuilder — Pipeline v2.Code Repair — .psm1 support" executed="True" result="Success" success="True" time="1.0152" asserts="0" description="AppBuilder — Pipeline v2.Code Repair — .psm1 support">
                <results>
                  <test-case description="Repairs variable scope errors in .psm1 files" name="AppBuilder — Pipeline v2.Code Repair — .psm1 support.Repairs variable scope errors in .psm1 files" time="0.0283" asserts="0" success="True" result="Success" executed="True" />
                </results>
              </test-suite>
            </results>
          </test-suite>
          <test-suite type="TestFixture" name="AppBuilder — Pipeline Fixes" executed="True" result="Success" success="True" time="5.7623" asserts="0" description="AppBuilder — Pipeline Fixes">
            <results>
              <test-suite type="TestFixture" name="AppBuilder — Pipeline Fixes.Token Cap Removal (Get-BuildMaxTokens)" executed="True" result="Success" success="True" time="0.0425" asserts="0" description="AppBuilder — Pipeline Fixes.Token Cap Removal (Get-BuildMaxTokens)">
                <results>
                  <test-case description="Returns full 64000 for claude-sonnet-4-6 (no cap)" name="AppBuilder — Pipeline Fixes.Token Cap Removal (Get-BuildMaxTokens).Returns full 64000 for claude-sonnet-4-6 (no cap)" time="0.0113" asserts="0" success="True" result="Success" executed="True" />
                  <test-case description="Returns full 128000 for claude-opus-4-6 (no cap)" name="AppBuilder — Pipeline Fixes.Token Cap Removal (Get-BuildMaxTokens).Returns full 128000 for claude-opus-4-6 (no cap)" time="0.0078" asserts="0" success="True" result="Success" executed="True" />
                  <test-case description="Returns full 16384 for gpt-4o (no cap)" name="AppBuilder — Pipeline Fixes.Token Cap Removal (Get-BuildMaxTokens).Returns full 16384 for gpt-4o (no cap)" time="0.0085" asserts="0" success="True" result="Success" executed="True" />
                  <test-case description="Override still works" name="AppBuilder — Pipeline Fixes.Token Cap Removal (Get-BuildMaxTokens).Override still works" time="0.0121" asserts="0" success="True" result="Success" executed="True" />
                </results>
              </test-suite>
              <test-suite type="TestFixture" name="AppBuilder — Pipeline Fixes.Get-CodeBlocks Filename Extraction" executed="True" result="Success" success="True" time="0.122" asserts="0" description="AppBuilder — Pipeline Fixes.Get-CodeBlocks Filename Extraction">
                <results>
                  <test-case description="Extracts filename from fence line" name="AppBuilder — Pipeline Fixes.Get-CodeBlocks Filename Extraction.Extracts filename from fence line" time="0.0173" asserts="0" success="True" result="Success" executed="True" />
                  <test-case description="Extracts path with subdirectory from fence line" name="AppBuilder — Pipeline Fixes.Get-CodeBlocks Filename Extraction.Extracts path with subdirectory from fence line" time="0.0116" asserts="0" success="True" result="Success" executed="True" />
                  <test-case description="Returns null FileName when no filename in fence" name="AppBuilder — Pipeline Fixes.Get-CodeBlocks Filename Extraction.Returns null FileName when no filename in fence" time="0.0118" asserts="0" success="True" result="Success" executed="True" />
                  <test-case description="Handles multiple blocks with different filenames" name="AppBuilder — Pipeline Fixes.Get-CodeBlocks Filename Extraction.Handles multiple blocks with different filenames" time="0.025" asserts="0" success="True" result="Success" executed="True" />
                  <test-case description="Preserves backward compatibility — Language still works" name="AppBuilder — Pipeline Fixes.Get-CodeBlocks Filename Extraction.Preserves backward compatibility — Language still works" time="0.0111" asserts="0" success="True" result="Success" executed="True" />
                </results>
              </test-suite>
              <test-suite type="TestFixture" name="AppBuilder — Pipeline Fixes.Merge-PowerShellSources" executed="True" result="Success" success="True" time="0.2649" asserts="0" description="AppBuilder — Pipeline Fixes.Merge-PowerShellSources">
                <results>
                  <test-case description="Returns app.ps1 directly for single-file projects" name="AppBuilder — Pipeline Fixes.Merge-PowerShellSources.Returns app.ps1 directly for single-file projects" time="0.0329" asserts="0" success="True" result="Success" executed="True" />
[...]
                  <test-case description="Creates a shell-invocable function for each skill" name="UserSkills — Offline.Import-UserSkills.Creates a shell-invocable function for each skill" time="0.0254" asserts="0" success="True" result="Success" executed="True" />
                  <test-case description="Skips skills that conflict with existing built-in intents" name="UserSkills — Offline.Import-UserSkills.Skips skills that conflict with existing built-in intents" time="0.022" asserts="0" success="True" result="Success" executed="True" />
                  <test-case description="Preserves existing built-in intent when a conflict occurs" name="UserSkills — Offline.Import-UserSkills.Preserves existing built-in intent when a conflict occurs" time="0.0383" asserts="0" success="True" result="Success" executed="True" />
                  <test-case description="Handles missing UserSkills.json without throwing" name="UserSkills — Offline.Import-UserSkills.Handles missing UserSkills.json without throwing" time="0.0187" asserts="0" success="True" result="Success" executed="True" />
                  <test-case description="Handles malformed JSON without throwing" name="UserSkills — Offline.Import-UserSkills.Handles malformed JSON without throwing" time="0.023" asserts="0" success="True" result="Success" executed="True" />
                  <test-case description="Handles JSON missing the skills property without throwing" name="UserSkills — Offline.Import-UserSkills.Handles JSON missing the skills property without throwing" time="0.0202" asserts="0" success="True" result="Success" executed="True" />
                  <test-case description="Skips a skill definition with no steps array" name="UserSkills — Offline.Import-UserSkills.Skips a skill definition with no steps array" time="0.0262" asserts="0" success="True" result="Success" executed="True" />
                  <test-case description="Skips a skill definition with an empty steps array" name="UserSkills — Offline.Import-UserSkills.Skips a skill definition with an empty steps array" time="0.0297" asserts="0" success="True" result="Success" executed="True" />
                </results>
              </test-suite>
              <test-suite type="TestFixture" name="UserSkills — Offline.Unregister-UserSkills" executed="True" result="Success" success="True" time="0.5093" asserts="0" description="UserSkills — Offline.Unregister-UserSkills">
                <results>
                  <test-case description="Removes all user skills from both registries" name="UserSkills — Offline.Unregister-UserSkills.Removes all user skills from both registries" time="0.0426" asserts="0" success="True" result="Success" executed="True" />
                  <test-case description="Removes shell functions when unregistering" name="UserSkills — Offline.Unregister-UserSkills.Removes shell functions when unregistering" time="0.0846" asserts="0" success="True" result="Success" executed="True" />
                  <test-case description="Does not throw when called with no skills loaded" name="UserSkills — Offline.Unregister-UserSkills.Does not throw when called with no skills loaded" time="0.0218" asserts="0" success="True" result="Success" executed="True" />
                  <test-case description="Does not remove built-in intents" name="UserSkills — Offline.Unregister-UserSkills.Does not remove built-in intents" time="0.0302" asserts="0" success="True" result="Success" executed="True" />
                </results>
              </test-suite>
              <test-suite type="TestFixture" name="UserSkills — Offline.Remove-UserSkill" executed="True" result="Success" success="True" time="0.6014" asserts="0" description="UserSkills — Offline.Remove-UserSkill">
                <results>
                  <test-case description="Removes a specific skill from registries and JSON file" name="UserSkills — Offline.Remove-UserSkill.Removes a specific skill from registries and JSON file" time="0.0607" asserts="0" success="True" result="Success" executed="True" />
                  <test-case description="Does not throw when removing a nonexistent skill" name="UserSkills — Offline.Remove-UserSkill.Does not throw when removing a nonexistent skill" time="0.0293" asserts="0" success="True" result="Success" executed="True" />
                </results>
              </test-suite>
              <test-suite type="TestFixture" name="UserSkills — Offline.Parameter Substitution" executed="True" result="Success" success="True" time="0.7644" asserts="0" description="UserSkills — Offline.Parameter Substitution">
                <results>
                  <test-case description="Substitutes a single parameter placeholder in step commands" name="UserSkills — Offline.Parameter Substitution.Substitutes a single parameter placeholder in step commands" time="0.0865" asserts="0" success="True" result="Success" executed="True" />
                  <test-case description="Substitutes multiple distinct parameters across steps" name="UserSkills — Offline.Parameter Substitution.Substitutes multiple distinct parameters across steps" time="0.0406" asserts="0" success="True" result="Success" executed="True" />
                  <test-case description="Leaves placeholder literal when parameter value is not supplied" name="UserSkills — Offline.Parameter Substitution.Leaves placeholder literal when parameter value is not supplied" time="0.033" asserts="0" success="True" result="Success" executed="True" />
                </results>
              </test-suite>
              <test-suite type="TestFixture" name="UserSkills — Offline.Invoke-UserSkill" executed="True" result="Success" success="True" time="0.8906" asserts="0" description="UserSkills — Offline.Invoke-UserSkill">
                <results>
                  <test-case description="Executes a single-step skill and returns output" name="UserSkills — Offline.Invoke-UserSkill.Executes a single-step skill and returns output" time="0.0343" asserts="0" success="True" result="Success" executed="True" />
                  <test-case description="Executes multi-step skills in order" name="UserSkills — Offline.Invoke-UserSkill.Executes multi-step skills in order" time="0.0398" asserts="0" success="True" result="Success" executed="True" />
                  <test-case description="Returns failure result for a nonexistent skill" name="UserSkills — Offline.Invoke-UserSkill.Returns failure result for a nonexistent skill" time="0.0087" asserts="0" success="True" result="Success" executed="True" />
                  <test-case description="Handles a step that throws without killing the entire skill" name="UserSkills — Offline.Invoke-UserSkill.Handles a step that throws without killing the entire skill" time="0.0404" asserts="0" success="True" result="Success" executed="True" />
                </results>
              </test-suite>
              <test-suite type="TestFixture" name="UserSkills — Offline.Trigger Registration" executed="True" result="Success" success="True" time="0.9556" asserts="0" description="UserSkills — Offline.Trigger Registration">
                <results>
                  <test-case description="Registers trigger phrases into IntentAliases" name="UserSkills — Offline.Trigger Registration.Registers trigger phrases into IntentAliases" time="0.0301" asserts="0" success="True" result="Success" executed="True" />
                  <test-case description="Cleans up triggers when skill is unregistered" name="UserSkills — Offline.Trigger Registration.Cleans up triggers when skill is unregistered" time="0.0314" asserts="0" success="True" result="Success" executed="True" />
                </results>
              </test-suite>
              <test-suite type="TestFixture" name="UserSkills — Offline.Idempotency" executed="True" result="Success" success="True" time="1.0081" asserts="0" description="UserSkills — Offline.Idempotency">
                <results>
                  <test-case description="Is idempotent when called multiple times" name="UserSkills — Offline.Idempotency.Is idempotent when called multiple times" time="0.0494" asserts="0" success="True" result="Success" executed="True" />
                </results>
              </test-suite>
              <test-suite type="TestFixture" name="UserSkills — Offline.Safety via confirm field" executed="True" result="Success" success="True" time="1.0661" asserts="0" description="UserSkills — Offline.Safety via confirm field">
                <results>
                  <test-case description="Sets RequiresConfirmation when confirm is true" name="UserSkills — Offline.Safety via confirm field.Sets RequiresConfirmation when confirm is true" time="0.0281" asserts="0" success="True" result="Success" executed="True" />
                  <test-case description="Defaults to null safety when confirm is not set" name="UserSkills — Offline.Safety via confirm field.Defaults to null safety when confirm is not set" time="0.0276" asserts="0" success="True" result="Success" executed="True" />
                </results>
              </test-suite>
              <test-suite type="TestFixture" name="UserSkills — Offline.Get-UserSkillsPrompt" executed="True" result="Success" success="True" time="1.1484" asserts="0" description="UserSkills — Offline.Get-UserSkillsPrompt">
                <results>
                  <test-case description="Returns prompt text containing skill names when skills are loaded" name="UserSkills — Offline.Get-UserSkillsPrompt.Returns prompt text containing skill names when skills are loaded" time="0.034" asserts="0" success="True" result="Success" executed="True" />
                  <test-case description="Includes parameter info in prompt text" name="UserSkills — Offline.Get-UserSkillsPrompt.Includes parameter info in prompt text" time="0.0281" asserts="0" success="True" result="Success" executed="True" />
                  <test-case description="Returns empty string when no skills are loaded" name="UserSkills — Offline.Get-UserSkillsPrompt.Returns empty string when no skills are loaded" time="0.0176" asserts="0" success="True" result="Success" executed="True" />
                </results>
              </test-suite>
            </results>
          </test-suite>
        </results>
      </test-suite>
      <test-suite type="TestFixture" name="C:\Users\georg\Documents\PowerShell\Tests\VisionTools.Tests.ps1" executed="True" result="Success" success="True" time="1.0776" asserts="0" description="C:\Users\georg\Documents\PowerShell\Tests\VisionTools.Tests.ps1">
        <results>
          <test-suite type="TestFixture" name="VisionTools — Offline" executed="True" result="Success" success="True" time="0.5692" asserts="0" description="VisionTools — Offline">
            <results>
              <test-suite type="TestFixture" name="VisionTools — Offline.Test-VisionSupport" executed="True" result="Success" success="True" time="0.08" asserts="0" description="VisionTools — Offline.Test-VisionSupport">
                <results>
                  <test-case description="Returns true for gpt-4o" name="VisionTools — Offline.Test-VisionSupport.Returns true for gpt-4o" time="0.0215" asserts="0" success="True" result="Success" executed="True" />
                  <test-case description="Returns true for llava" name="VisionTools — Offline.Test-VisionSupport.Returns true for llava" time="0.013" asserts="0" success="True" result="Success" executed="True" />
                  <test-case description="Returns true for claude-sonnet-4-5-20250929" name="VisionTools — Offline.Test-VisionSupport.Returns true for claude-sonnet-4-5-20250929" time="0.0111" asserts="0" success="True" result="Success" executed="True" />
                  <test-case description="Returns false for gpt-3.5-turbo" name="VisionTools — Offline.Test-VisionSupport.Returns false for gpt-3.5-turbo" time="0.0105" asserts="0" success="True" result="Success" executed="True" />
                  <test-case description="Handles partial match for llava:13b-v1.6" name="VisionTools — Offline.Test-VisionSupport.Handles partial match for llava:13b-v1.6" time="0.0108" asserts="0" success="True" result="Success" executed="True" />
                  <test-case description="Handles partial match for llama3.2-vision:11b" name="VisionTools — Offline.Test-VisionSupport.Handles partial match for llama3.2-vision:11b" time="0.0108" asserts="0" success="True" result="Success" executed="True" />
                </results>
              </test-suite>
              <test-suite type="TestFixture" name="VisionTools — Offline.ConvertTo-ImageBase64" executed="True" result="Success" success="True" time="0.1867" asserts="0" description="VisionTools — Offline.ConvertTo-ImageBase64">
                <results>
                  <test-case description="Encodes a PNG to base64 successfully" name="VisionTools — Offline.ConvertTo-ImageBase64.Encodes a PNG to base64 successfully" time="0.0241" asserts="0" success="True" result="Success" executed="True" />
                  <test-case description="Encodes a JPG to base64 with correct media type" name="VisionTools — Offline.ConvertTo-ImageBase64.Encodes a JPG to base64 with correct media type" time="0.0145" asserts="0" success="True" result="Success" executed="True" />
                  <test-case description="Fails for unsupported extension" name="VisionTools — Offline.ConvertTo-ImageBase64.Fails for unsupported extension" time="0.0113" asserts="0" success="True" result="Success" executed="True" />
                  <test-case description="Fails for missing file" name="VisionTools — Offline.ConvertTo-ImageBase64.Fails for missing file" time="0.0087" asserts="0" success="True" result="Success" executed="True" />
                </results>
              </test-suite>
              <test-suite type="TestFixture" name="VisionTools — Offline.New-VisionMessage" executed="True" result="Success" success="True" time="0.2275" asserts="0" description="VisionTools — Offline.New-VisionMessage">
                <results>
                  <test-case description="Builds OpenAI format with image_url and text elements" name="VisionTools — Offline.New-VisionMessage.Builds OpenAI format with image_url and text elements" time="0.0168" asserts="0" success="True" result="Success" executed="True" />
                  <test-case description="Builds Anthropic format with image source block" name="VisionTools — Offline.New-VisionMessage.Builds Anthropic format with image source block" time="0.0139" asserts="0" success="True" result="Success" executed="True" />
                </results>
              </test-suite>
              <test-suite type="TestFixture" name="VisionTools — Offline.Resize-ImageBitmap" executed="True" result="Success" success="True" time="0.4463" asserts="0" description="VisionTools — Offline.Resize-ImageBitmap">
                <results>
                  <test-case description="Leaves small images unchanged" name="VisionTools — Offline.Resize-ImageBitmap.Leaves small images unchanged" time="0.0152" asserts="0" success="True" result="Success" executed="True" />
                  <test-case description="Resizes large images to MaxEdge on longest side" name="VisionTools — Offline.Resize-ImageBitmap.Resizes large images to MaxEdge on longest side" time="0.1212" asserts="0" success="True" result="Success" executed="True" />
                  <test-case description="Maintains aspect ratio" name="VisionTools — Offline.Resize-ImageBitmap.Maintains aspect ratio" time="0.0799" asserts="0" success="True" result="Success" executed="True" />
                </results>
              </test-suite>
              <test-suite type="TestFixture" name="VisionTools — Offline.Capture-Screenshot" executed="True" result="Success" success="True" time="0.5674" asserts="0" description="VisionTools — Offline.Capture-Screenshot">
                <results>
                  <test-case description="Captures a screenshot on Windows with a display" name="VisionTools — Offline.Capture-Screenshot.Captures a screenshot on Windows with a display" time="0.1186" asserts="0" success="True" result="Success" executed="True" />
                </results>
              </test-suite>
            </results>
          </test-suite>
        </results>
      </test-suite>
      <test-suite type="TestFixture" name="C:\Users\georg\Documents\PowerShell\Tests\WorkflowEngine.Tests.ps1" executed="True" result="Success" success="True" time="0.9593" asserts="0" description="C:\Users\georg\Documents\PowerShell\Tests\WorkflowEngine.Tests.ps1">
        <results>
          <test-suite type="TestFixture" name="WorkflowEngine — Offline" executed="True" result="Success" success="True" time="0.6431" asserts="0" description="WorkflowEngine — Offline">
            <results>
              <test-suite type="TestFixture" name="WorkflowEngine — Offline.Workflow Registry" executed="True" result="Success" success="True" time="0.0412" asserts="0" description="WorkflowEngine — Offline.Workflow Registry">
                <results>
                  <test-case description="Workflows hashtable is populated" name="WorkflowEngine — Offline.Workflow Registry.Workflows hashtable is populated" time="0.0143" asserts="0" success="True" result="Success" executed="True" />
                  <test-case description="Each workflow has Name, Description, and Steps" name="WorkflowEngine — Offline.Workflow Registry.Each workflow has Name, Description, and Steps" time="0.0139" asserts="0" success="True" result="Success" executed="True" />
                  <test-case description="Each step has an Intent field" name="WorkflowEngine — Offline.Workflow Registry.Each step has an Intent field" time="0.0107" asserts="0" success="True" result="Success" executed="True" />
                </results>
              </test-suite>
              <test-suite type="TestFixture" name="WorkflowEngine — Offline.Invoke-Workflow" executed="True" result="Success" success="True" time="0.508" asserts="0" description="WorkflowEngine — Offline.Invoke-Workflow">
                <results>
                  <test-case description="Rejects unknown workflow name" name="WorkflowEngine — Offline.Invoke-Workflow.Rejects unknown workflow name" time="0.0154" asserts="0" success="True" result="Success" executed="True" />
                  <test-case description="Executes a known workflow and returns result structure" name="WorkflowEngine — Offline.Invoke-Workflow.Executes a known workflow and returns result structure" time="0.1543" asserts="0" success="True" result="Success" executed="True" />
                  <test-case description="StopOnError halts after first failing step" name="WorkflowEngine — Offline.Invoke-Workflow.StopOnError halts after first failing step" time="0.0841" asserts="0" success="True" result="Success" executed="True" />
                  <test-case description="Passes parameters through ParamMap" name="WorkflowEngine — Offline.Invoke-Workflow.Passes parameters through ParamMap" time="0.1952" asserts="0" success="True" result="Success" executed="True" />
                </results>
              </test-suite>
              <test-suite type="TestFixture" name="WorkflowEngine — Offline.Get-Workflows" executed="True" result="Success" success="True" time="0.6393" asserts="0" description="WorkflowEngine — Offline.Get-Workflows">
                <results>
                  <test-case description="Does not throw" name="WorkflowEngine — Offline.Get-Workflows.Does not throw" time="0.125" asserts="0" success="True" result="Success" executed="True" />
                </results>
              </test-suite>
            </results>
          </test-suite>
        </results>
      </test-suite>
    </results>
  </test-suite>
</test-results>